[0.168s] Invoking command in '/home/robot/ros2_ws/build/p3at_simulation': /usr/bin/cmake --build /home/robot/ros2_ws/build/p3at_simulation -- -j12 -l12
[0.232s] Invoked command in '/home/robot/ros2_ws/build/p3at_simulation' returned '0': /usr/bin/cmake --build /home/robot/ros2_ws/build/p3at_simulation -- -j12 -l12
[0.244s] Invoking command in '/home/robot/ros2_ws/build/p3at_simulation': /usr/bin/cmake --install /home/robot/ros2_ws/build/p3at_simulation
[0.253s] -- Install configuration: ""
[0.254s] -- Up-to-date: /home/robot/ros2_ws/install/p3at_simulation/share/p3at_simulation//launch
[0.254s] -- Up-to-date: /home/robot/ros2_ws/install/p3at_simulation/share/p3at_simulation//launch/xspawn_p3at.launch.py
[0.254s] -- Up-to-date: /home/robot/ros2_ws/install/p3at_simulation/share/p3at_simulation//launch/spawn_p3at.launch.py
[0.254s] -- Up-to-date: /home/robot/ros2_ws/install/p3at_simulation/share/p3at_simulation//urdf
[0.254s] -- Up-to-date: /home/robot/ros2_ws/install/p3at_simulation/share/p3at_simulation//urdf/p3at.urdf.xacro
[0.254s] -- Up-to-date: /home/robot/ros2_ws/install/p3at_simulation/share/p3at_simulation//worlds
[0.254s] -- Up-to-date: /home/robot/ros2_ws/install/p3at_simulation/share/p3at_simulation//worlds/simple_world.world
[0.254s] -- Up-to-date: /home/robot/ros2_ws/install/p3at_simulation/share/ament_index/resource_index/package_run_dependencies/p3at_simulation
[0.254s] -- Up-to-date: /home/robot/ros2_ws/install/p3at_simulation/share/ament_index/resource_index/parent_prefix_path/p3at_simulation
[0.255s] -- Up-to-date: /home/robot/ros2_ws/install/p3at_simulation/share/p3at_simulation/environment/ament_prefix_path.sh
[0.255s] -- Up-to-date: /home/robot/ros2_ws/install/p3at_simulation/share/p3at_simulation/environment/ament_prefix_path.dsv
[0.255s] -- Up-to-date: /home/robot/ros2_ws/install/p3at_simulation/share/p3at_simulation/environment/path.sh
[0.255s] -- Up-to-date: /home/robot/ros2_ws/install/p3at_simulation/share/p3at_simulation/environment/path.dsv
[0.255s] -- Up-to-date: /home/robot/ros2_ws/install/p3at_simulation/share/p3at_simulation/local_setup.bash
[0.255s] -- Up-to-date: /home/robot/ros2_ws/install/p3at_simulation/share/p3at_simulation/local_setup.sh
[0.255s] -- Up-to-date: /home/robot/ros2_ws/install/p3at_simulation/share/p3at_simulation/local_setup.zsh
[0.255s] -- Up-to-date: /home/robot/ros2_ws/install/p3at_simulation/share/p3at_simulation/local_setup.dsv
[0.255s] -- Up-to-date: /home/robot/ros2_ws/install/p3at_simulation/share/p3at_simulation/package.dsv
[0.255s] -- Up-to-date: /home/robot/ros2_ws/install/p3at_simulation/share/ament_index/resource_index/packages/p3at_simulation
[0.256s] -- Up-to-date: /home/robot/ros2_ws/install/p3at_simulation/share/p3at_simulation/cmake/p3at_simulationConfig.cmake
[0.256s] -- Up-to-date: /home/robot/ros2_ws/install/p3at_simulation/share/p3at_simulation/cmake/p3at_simulationConfig-version.cmake
[0.256s] -- Up-to-date: /home/robot/ros2_ws/install/p3at_simulation/share/p3at_simulation/package.xml
[0.257s] Invoked command in '/home/robot/ros2_ws/build/p3at_simulation' returned '0': /usr/bin/cmake --install /home/robot/ros2_ws/build/p3at_simulation
