[0.181s] Invoking command in '/home/robot/ros2_ws/build/p3at_simulation': /usr/bin/cmake /home/robot/ros2_ws/lixo/src/p3at_simulation -DCATKIN_INSTALL_INTO_PREFIX_ROOT=0 -DCMAKE_INSTALL_PREFIX=/home/robot/ros2_ws/install/p3at_simulation
[0.213s] -- Found ament_cmake: 1.3.12 (/opt/ros/humble/share/ament_cmake/cmake)
[0.342s] -- Found xacro: 2.0.13 (/opt/ros/humble/share/xacro/cmake)
[0.343s] -- Found ros_gz_sim: 0.244.20 (/opt/ros/humble/share/ros_gz_sim/cmake)
[0.389s] -- Found rosidl_generator_c: 3.1.7 (/opt/ros/humble/share/rosidl_generator_c/cmake)
[0.393s] -- Found rosidl_adapter: 3.1.7 (/opt/ros/humble/share/rosidl_adapter/cmake)
[0.403s] -- Found rosidl_generator_cpp: 3.1.7 (/opt/ros/humble/share/rosidl_generator_cpp/cmake)
[0.418s] -- Using all available rosidl_typesupport_c: rosidl_typesupport_fastrtps_c;rosidl_typesupport_introspection_c
[0.437s] -- Using all available rosidl_typesupport_cpp: rosidl_typesupport_fastrtps_cpp;rosidl_typesupport_introspection_cpp
[0.486s] -- Found rmw_implementation_cmake: 6.1.2 (/opt/ros/humble/share/rmw_implementation_cmake/cmake)
[0.489s] -- Found rmw_fastrtps_cpp: 6.2.8 (/opt/ros/humble/share/rmw_fastrtps_cpp/cmake)
[0.590s] -- Using RMW implementation 'rmw_fastrtps_cpp' as default
[0.643s] -- Found robot_state_publisher: 3.0.3 (/opt/ros/humble/share/robot_state_publisher/cmake)
[0.670s] -- Found eigen3_cmake_module: 0.1.1 (/opt/ros/humble/share/eigen3_cmake_module/cmake)
[0.671s] -- Ensuring Eigen3 include directory is part of orocos-kdl CMake target
[0.848s] -- Found rclpy: 3.3.17 (/opt/ros/humble/share/rclpy/cmake)
[0.898s] -- Configuring done
[0.907s] -- Generating done
[0.911s] -- Build files have been written to: /home/robot/ros2_ws/build/p3at_simulation
[0.920s] Invoked command in '/home/robot/ros2_ws/build/p3at_simulation' returned '0': /usr/bin/cmake /home/robot/ros2_ws/lixo/src/p3at_simulation -DCATKIN_INSTALL_INTO_PREFIX_ROOT=0 -DCMAKE_INSTALL_PREFIX=/home/robot/ros2_ws/install/p3at_simulation
[0.923s] Invoking command in '/home/robot/ros2_ws/build/p3at_simulation': /usr/bin/cmake --build /home/robot/ros2_ws/build/p3at_simulation -- -j12 -l12
[0.962s] Invoked command in '/home/robot/ros2_ws/build/p3at_simulation' returned '0': /usr/bin/cmake --build /home/robot/ros2_ws/build/p3at_simulation -- -j12 -l12
[0.973s] Invoking command in '/home/robot/ros2_ws/build/p3at_simulation': /usr/bin/cmake --install /home/robot/ros2_ws/build/p3at_simulation
[0.980s] -- Install configuration: ""
[0.980s] -- Up-to-date: /home/robot/ros2_ws/install/p3at_simulation/share/p3at_simulation//launch
[0.980s] -- Up-to-date: /home/robot/ros2_ws/install/p3at_simulation/share/p3at_simulation//launch/xspawn_p3at.launch.py
[0.980s] -- Up-to-date: /home/robot/ros2_ws/install/p3at_simulation/share/p3at_simulation//launch/spawn_p3at.launch.py
[0.980s] -- Up-to-date: /home/robot/ros2_ws/install/p3at_simulation/share/p3at_simulation//urdf
[0.980s] -- Up-to-date: /home/robot/ros2_ws/install/p3at_simulation/share/p3at_simulation//urdf/p3at.urdf.xacro
[0.980s] -- Up-to-date: /home/robot/ros2_ws/install/p3at_simulation/share/p3at_simulation//worlds
[0.981s] -- Up-to-date: /home/robot/ros2_ws/install/p3at_simulation/share/p3at_simulation//worlds/simple_world.world
[0.981s] -- Up-to-date: /home/robot/ros2_ws/install/p3at_simulation/share/ament_index/resource_index/package_run_dependencies/p3at_simulation
[0.981s] -- Installing: /home/robot/ros2_ws/install/p3at_simulation/share/ament_index/resource_index/parent_prefix_path/p3at_simulation
[0.981s] -- Up-to-date: /home/robot/ros2_ws/install/p3at_simulation/share/p3at_simulation/environment/ament_prefix_path.sh
[0.981s] -- Installing: /home/robot/ros2_ws/install/p3at_simulation/share/p3at_simulation/environment/ament_prefix_path.dsv
[0.981s] -- Up-to-date: /home/robot/ros2_ws/install/p3at_simulation/share/p3at_simulation/environment/path.sh
[0.981s] -- Installing: /home/robot/ros2_ws/install/p3at_simulation/share/p3at_simulation/environment/path.dsv
[0.981s] -- Up-to-date: /home/robot/ros2_ws/install/p3at_simulation/share/p3at_simulation/local_setup.bash
[0.981s] -- Up-to-date: /home/robot/ros2_ws/install/p3at_simulation/share/p3at_simulation/local_setup.sh
[0.981s] -- Up-to-date: /home/robot/ros2_ws/install/p3at_simulation/share/p3at_simulation/local_setup.zsh
[0.982s] -- Installing: /home/robot/ros2_ws/install/p3at_simulation/share/p3at_simulation/local_setup.dsv
[0.982s] -- Installing: /home/robot/ros2_ws/install/p3at_simulation/share/p3at_simulation/package.dsv
[0.982s] -- Up-to-date: /home/robot/ros2_ws/install/p3at_simulation/share/ament_index/resource_index/packages/p3at_simulation
[0.982s] -- Up-to-date: /home/robot/ros2_ws/install/p3at_simulation/share/p3at_simulation/cmake/p3at_simulationConfig.cmake
[0.982s] -- Up-to-date: /home/robot/ros2_ws/install/p3at_simulation/share/p3at_simulation/cmake/p3at_simulationConfig-version.cmake
[0.982s] -- Up-to-date: /home/robot/ros2_ws/install/p3at_simulation/share/p3at_simulation/package.xml
[0.983s] Invoked command in '/home/robot/ros2_ws/build/p3at_simulation' returned '0': /usr/bin/cmake --install /home/robot/ros2_ws/build/p3at_simulation
