[0.423s] Invoking command in '/home/robot/ros2_ws/src/p3at_simulation': PYTHONPATH=/home/robot/ros2_ws/build/p3at_simulation/prefix_override:/usr/lib/python3/dist-packages/colcon_core/task/python/colcon_distutils_commands:/home/robot/ros2_ws/install/p3at_simulation/lib/python3.10/site-packages:${PYTHONPATH} /usr/bin/python3 -W ignore:setup.py install is deprecated -W ignore:easy_install command is deprecated setup.py egg_info --egg-base ../../build/p3at_simulation build --build-base /home/robot/ros2_ws/build/p3at_simulation/build install --record /home/robot/ros2_ws/build/p3at_simulation/install.log --single-version-externally-managed install_data
[0.568s] running egg_info
[0.569s] creating ../../build/p3at_simulation/p3at_simulation.egg-info
[0.569s] writing ../../build/p3at_simulation/p3at_simulation.egg-info/PKG-INFO
[0.569s] writing dependency_links to ../../build/p3at_simulation/p3at_simulation.egg-info/dependency_links.txt
[0.569s] writing entry points to ../../build/p3at_simulation/p3at_simulation.egg-info/entry_points.txt
[0.569s] writing requirements to ../../build/p3at_simulation/p3at_simulation.egg-info/requires.txt
[0.569s] writing top-level names to ../../build/p3at_simulation/p3at_simulation.egg-info/top_level.txt
[0.569s] writing manifest file '../../build/p3at_simulation/p3at_simulation.egg-info/SOURCES.txt'
[0.570s] reading manifest file '../../build/p3at_simulation/p3at_simulation.egg-info/SOURCES.txt'
[0.571s] writing manifest file '../../build/p3at_simulation/p3at_simulation.egg-info/SOURCES.txt'
[0.571s] running build
[0.571s] running build_py
[0.571s] creating /home/robot/ros2_ws/build/p3at_simulation/build
[0.571s] creating /home/robot/ros2_ws/build/p3at_simulation/build/lib
[0.571s] creating /home/robot/ros2_ws/build/p3at_simulation/build/lib/p3at_simulation
[0.571s] copying p3at_simulation/__init__.py -> /home/robot/ros2_ws/build/p3at_simulation/build/lib/p3at_simulation
[0.571s] running install
[0.571s] running install_lib
[0.572s] creating /home/robot/ros2_ws/install/p3at_simulation/lib/python3.10/site-packages/p3at_simulation
[0.572s] copying /home/robot/ros2_ws/build/p3at_simulation/build/lib/p3at_simulation/__init__.py -> /home/robot/ros2_ws/install/p3at_simulation/lib/python3.10/site-packages/p3at_simulation
[0.572s] byte-compiling /home/robot/ros2_ws/install/p3at_simulation/lib/python3.10/site-packages/p3at_simulation/__init__.py to __init__.cpython-310.pyc
[0.572s] running install_data
[0.575s] copying resource/p3at_simulation -> /home/robot/ros2_ws/install/p3at_simulation/share/ament_index/resource_index/packages
[0.575s] copying package.xml -> /home/robot/ros2_ws/install/p3at_simulation/share/p3at_simulation
[0.575s] copying launch/p3at_gazebo.launch.py -> /home/robot/ros2_ws/install/p3at_simulation/share/p3at_simulation/launch
[0.576s] copying urdf/p3at.txt -> /home/robot/ros2_ws/install/p3at_simulation/share/p3at_simulation/urdf
[0.576s] copying urdf/p3at.xacro -> /home/robot/ros2_ws/install/p3at_simulation/share/p3at_simulation/urdf
[0.576s] copying urdf/actor.xacro -> /home/robot/ros2_ws/install/p3at_simulation/share/p3at_simulation/urdf
[0.576s] copying urdf/robot.sdf -> /home/robot/ros2_ws/install/p3at_simulation/share/p3at_simulation/urdf
[0.576s] copying urdf/p3at (cópia).xacro -> /home/robot/ros2_ws/install/p3at_simulation/share/p3at_simulation/urdf
[0.576s] copying urdf/materials.xacro -> /home/robot/ros2_ws/install/p3at_simulation/share/p3at_simulation/urdf
[0.576s] copying urdf/pioneer3at.urdf -> /home/robot/ros2_ws/install/p3at_simulation/share/p3at_simulation/urdf
[0.576s] copying urdf/p3at.gazebo -> /home/robot/ros2_ws/install/p3at_simulation/share/p3at_simulation/urdf
[0.576s] creating /home/robot/ros2_ws/install/p3at_simulation/share/p3at_simulation/meshes
[0.577s] copying meshes/base_laser.dae -> /home/robot/ros2_ws/install/p3at_simulation/share/p3at_simulation/meshes
[0.577s] copying meshes/pan_cam.dae -> /home/robot/ros2_ws/install/p3at_simulation/share/p3at_simulation/meshes
[0.577s] copying meshes/base_cam.dae -> /home/robot/ros2_ws/install/p3at_simulation/share/p3at_simulation/meshes
[0.577s] copying meshes/tilt_cam.dae -> /home/robot/ros2_ws/install/p3at_simulation/share/p3at_simulation/meshes
[0.577s] copying meshes/hokuyo.dae -> /home/robot/ros2_ws/install/p3at_simulation/share/p3at_simulation/meshes
[0.577s] creating /home/robot/ros2_ws/install/p3at_simulation/share/p3at_simulation/meshes/p3dx_meshes
[0.577s] copying meshes/p3dx_meshes/caster_wheel.stl -> /home/robot/ros2_ws/install/p3at_simulation/share/p3at_simulation/meshes/p3dx_meshes
[0.577s] copying meshes/p3dx_meshes/caster_hubcap.stl -> /home/robot/ros2_ws/install/p3at_simulation/share/p3at_simulation/meshes/p3dx_meshes
[0.577s] copying meshes/p3dx_meshes/caster_swivel.stl -> /home/robot/ros2_ws/install/p3at_simulation/share/p3at_simulation/meshes/p3dx_meshes
[0.577s] copying meshes/p3dx_meshes/top.stl -> /home/robot/ros2_ws/install/p3at_simulation/share/p3at_simulation/meshes/p3dx_meshes
[0.577s] copying meshes/p3dx_meshes/left_hubcap.stl -> /home/robot/ros2_ws/install/p3at_simulation/share/p3at_simulation/meshes/p3dx_meshes
[0.578s] copying meshes/p3dx_meshes/right_wheel.stl -> /home/robot/ros2_ws/install/p3at_simulation/share/p3at_simulation/meshes/p3dx_meshes
[0.578s] copying meshes/p3dx_meshes/front_rim.stl -> /home/robot/ros2_ws/install/p3at_simulation/share/p3at_simulation/meshes/p3dx_meshes
[0.578s] copying meshes/p3dx_meshes/right_hubcap.stl -> /home/robot/ros2_ws/install/p3at_simulation/share/p3at_simulation/meshes/p3dx_meshes
[0.578s] copying meshes/p3dx_meshes/left_wheel.stl -> /home/robot/ros2_ws/install/p3at_simulation/share/p3at_simulation/meshes/p3dx_meshes
[0.578s] copying meshes/p3dx_meshes/back_rim.stl -> /home/robot/ros2_ws/install/p3at_simulation/share/p3at_simulation/meshes/p3dx_meshes
[0.578s] copying meshes/p3dx_meshes/chassis.stl -> /home/robot/ros2_ws/install/p3at_simulation/share/p3at_simulation/meshes/p3dx_meshes
[0.578s] copying meshes/p3dx_meshes/front_sonar.stl -> /home/robot/ros2_ws/install/p3at_simulation/share/p3at_simulation/meshes/p3dx_meshes
[0.578s] copying meshes/p3dx_meshes/back_sonar.stl -> /home/robot/ros2_ws/install/p3at_simulation/share/p3at_simulation/meshes/p3dx_meshes
[0.578s] creating /home/robot/ros2_ws/install/p3at_simulation/share/p3at_simulation/meshes/pioneer-lx
[0.578s] copying meshes/pioneer-lx/pioneer-lx-plinth.blend -> /home/robot/ros2_ws/install/p3at_simulation/share/p3at_simulation/meshes/pioneer-lx
[0.578s] copying meshes/pioneer-lx/pioneer-lx-plinth.stl -> /home/robot/ros2_ws/install/p3at_simulation/share/p3at_simulation/meshes/pioneer-lx
[0.578s] copying meshes/pioneer-lx/pioneer-lx_hull.dae -> /home/robot/ros2_ws/install/p3at_simulation/share/p3at_simulation/meshes/pioneer-lx
[0.578s] copying meshes/pioneer-lx/pioneer-lx_visual.dae -> /home/robot/ros2_ws/install/p3at_simulation/share/p3at_simulation/meshes/pioneer-lx
[0.591s] copying meshes/pioneer-lx/pioneer-lx_visual.stl -> /home/robot/ros2_ws/install/p3at_simulation/share/p3at_simulation/meshes/pioneer-lx
[0.599s] copying meshes/pioneer-lx/pioneer-lx.blend -> /home/robot/ros2_ws/install/p3at_simulation/share/p3at_simulation/meshes/pioneer-lx
[0.609s] copying meshes/pioneer-lx/pioneer-lx_hull.blend -> /home/robot/ros2_ws/install/p3at_simulation/share/p3at_simulation/meshes/pioneer-lx
[0.610s] copying meshes/pioneer-lx/pioneer-lx_hull.stl -> /home/robot/ros2_ws/install/p3at_simulation/share/p3at_simulation/meshes/pioneer-lx
[0.610s] copying meshes/pioneer-lx/pioneer-lx-plinth.dae -> /home/robot/ros2_ws/install/p3at_simulation/share/p3at_simulation/meshes/pioneer-lx
[0.610s] creating /home/robot/ros2_ws/install/p3at_simulation/share/p3at_simulation/meshes/p3at_meshes
[0.610s] copying meshes/p3at_meshes/wheel.stl -> /home/robot/ros2_ws/install/p3at_simulation/share/p3at_simulation/meshes/p3at_meshes
[0.610s] copying meshes/p3at_meshes/top.stl -> /home/robot/ros2_ws/install/p3at_simulation/share/p3at_simulation/meshes/p3at_meshes
[0.610s] copying meshes/p3at_meshes/left_hubcap.stl -> /home/robot/ros2_ws/install/p3at_simulation/share/p3at_simulation/meshes/p3at_meshes
[0.610s] copying meshes/p3at_meshes/axle.stl -> /home/robot/ros2_ws/install/p3at_simulation/share/p3at_simulation/meshes/p3at_meshes
[0.610s] copying meshes/p3at_meshes/right_hubcap.stl -> /home/robot/ros2_ws/install/p3at_simulation/share/p3at_simulation/meshes/p3at_meshes
[0.610s] copying meshes/p3at_meshes/Coordinates -> /home/robot/ros2_ws/install/p3at_simulation/share/p3at_simulation/meshes/p3at_meshes
[0.610s] copying meshes/p3at_meshes/chassis.stl -> /home/robot/ros2_ws/install/p3at_simulation/share/p3at_simulation/meshes/p3at_meshes
[0.610s] copying meshes/p3at_meshes/front_sonar.stl -> /home/robot/ros2_ws/install/p3at_simulation/share/p3at_simulation/meshes/p3at_meshes
[0.610s] copying meshes/p3at_meshes/back_sonar.stl -> /home/robot/ros2_ws/install/p3at_simulation/share/p3at_simulation/meshes/p3at_meshes
[0.610s] running install_egg_info
[0.611s] Copying ../../build/p3at_simulation/p3at_simulation.egg-info to /home/robot/ros2_ws/install/p3at_simulation/lib/python3.10/site-packages/p3at_simulation-0.0.0-py3.10.egg-info
[0.611s] running install_scripts
[0.625s] writing list of installed files to '/home/robot/ros2_ws/build/p3at_simulation/install.log'
[0.641s] Invoked command in '/home/robot/ros2_ws/src/p3at_simulation' returned '0': PYTHONPATH=/home/robot/ros2_ws/build/p3at_simulation/prefix_override:/usr/lib/python3/dist-packages/colcon_core/task/python/colcon_distutils_commands:/home/robot/ros2_ws/install/p3at_simulation/lib/python3.10/site-packages:${PYTHONPATH} /usr/bin/python3 -W ignore:setup.py install is deprecated -W ignore:easy_install command is deprecated setup.py egg_info --egg-base ../../build/p3at_simulation build --build-base /home/robot/ros2_ws/build/p3at_simulation/build install --record /home/robot/ros2_ws/build/p3at_simulation/install.log --single-version-externally-managed install_data
