running develop
Removing /home/robot/ros2_ws/install/my_py_pkg/lib/python3.10/site-packages/my-py-pkg.egg-link (link to .)
running egg_info
writing ../../build/my_py_pkg/my_py_pkg.egg-info/PKG-INFO
writing dependency_links to ../../build/my_py_pkg/my_py_pkg.egg-info/dependency_links.txt
writing entry points to ../../build/my_py_pkg/my_py_pkg.egg-info/entry_points.txt
writing requirements to ../../build/my_py_pkg/my_py_pkg.egg-info/requires.txt
writing top-level names to ../../build/my_py_pkg/my_py_pkg.egg-info/top_level.txt
reading manifest file '../../build/my_py_pkg/my_py_pkg.egg-info/SOURCES.txt'
writing manifest file '../../build/my_py_pkg/my_py_pkg.egg-info/SOURCES.txt'
running build
running build_py
creating /home/robot/ros2_ws/build/my_py_pkg/build
creating /home/robot/ros2_ws/build/my_py_pkg/build/lib
creating /home/robot/ros2_ws/build/my_py_pkg/build/lib/my_py_pkg
copying my_py_pkg/turtle_controller.py -> /home/robot/ros2_ws/build/my_py_pkg/build/lib/my_py_pkg
copying my_py_pkg/__init__.py -> /home/robot/ros2_ws/build/my_py_pkg/build/lib/my_py_pkg
copying my_py_pkg/turtle_controller2.py -> /home/robot/ros2_ws/build/my_py_pkg/build/lib/my_py_pkg
copying my_py_pkg/talker.py -> /home/robot/ros2_ws/build/my_py_pkg/build/lib/my_py_pkg
copying my_py_pkg/listener.py -> /home/robot/ros2_ws/build/my_py_pkg/build/lib/my_py_pkg
copying my_py_pkg/turtle_controller2 (copy).py -> /home/robot/ros2_ws/build/my_py_pkg/build/lib/my_py_pkg
copying my_py_pkg/turtle_pose_reader.py -> /home/robot/ros2_ws/build/my_py_pkg/build/lib/my_py_pkg
running install
running install_lib
creating /home/robot/ros2_ws/install/my_py_pkg/lib/python3.10/site-packages/my_py_pkg
copying /home/robot/ros2_ws/build/my_py_pkg/build/lib/my_py_pkg/turtle_controller.py -> /home/robot/ros2_ws/install/my_py_pkg/lib/python3.10/site-packages/my_py_pkg
copying /home/robot/ros2_ws/build/my_py_pkg/build/lib/my_py_pkg/__init__.py -> /home/robot/ros2_ws/install/my_py_pkg/lib/python3.10/site-packages/my_py_pkg
copying /home/robot/ros2_ws/build/my_py_pkg/build/lib/my_py_pkg/turtle_controller2.py -> /home/robot/ros2_ws/install/my_py_pkg/lib/python3.10/site-packages/my_py_pkg
copying /home/robot/ros2_ws/build/my_py_pkg/build/lib/my_py_pkg/talker.py -> /home/robot/ros2_ws/install/my_py_pkg/lib/python3.10/site-packages/my_py_pkg
copying /home/robot/ros2_ws/build/my_py_pkg/build/lib/my_py_pkg/listener.py -> /home/robot/ros2_ws/install/my_py_pkg/lib/python3.10/site-packages/my_py_pkg
copying /home/robot/ros2_ws/build/my_py_pkg/build/lib/my_py_pkg/turtle_controller2 (copy).py -> /home/robot/ros2_ws/install/my_py_pkg/lib/python3.10/site-packages/my_py_pkg
copying /home/robot/ros2_ws/build/my_py_pkg/build/lib/my_py_pkg/turtle_pose_reader.py -> /home/robot/ros2_ws/install/my_py_pkg/lib/python3.10/site-packages/my_py_pkg
byte-compiling /home/robot/ros2_ws/install/my_py_pkg/lib/python3.10/site-packages/my_py_pkg/turtle_controller.py to turtle_controller.cpython-310.pyc
byte-compiling /home/robot/ros2_ws/install/my_py_pkg/lib/python3.10/site-packages/my_py_pkg/__init__.py to __init__.cpython-310.pyc
byte-compiling /home/robot/ros2_ws/install/my_py_pkg/lib/python3.10/site-packages/my_py_pkg/turtle_controller2.py to turtle_controller2.cpython-310.pyc
byte-compiling /home/robot/ros2_ws/install/my_py_pkg/lib/python3.10/site-packages/my_py_pkg/talker.py to talker.cpython-310.pyc
byte-compiling /home/robot/ros2_ws/install/my_py_pkg/lib/python3.10/site-packages/my_py_pkg/listener.py to listener.cpython-310.pyc
byte-compiling /home/robot/ros2_ws/install/my_py_pkg/lib/python3.10/site-packages/my_py_pkg/turtle_controller2 (copy).py to turtle_controller2 (copy).cpython-310.pyc
byte-compiling /home/robot/ros2_ws/install/my_py_pkg/lib/python3.10/site-packages/my_py_pkg/turtle_pose_reader.py to turtle_pose_reader.cpython-310.pyc
running install_data
copying resource/my_py_pkg -> /home/robot/ros2_ws/install/my_py_pkg/share/ament_index/resource_index/packages
copying package.xml -> /home/robot/ros2_ws/install/my_py_pkg/share/my_py_pkg
copying launch/turtle_demo.launch.py -> /home/robot/ros2_ws/install/my_py_pkg/share/my_py_pkg/launch
running install_egg_info
Copying ../../build/my_py_pkg/my_py_pkg.egg-info to /home/robot/ros2_ws/install/my_py_pkg/lib/python3.10/site-packages/my_py_pkg-0.0.0-py3.10.egg-info
running install_scripts
Installing controller2 script to /home/robot/ros2_ws/install/my_py_pkg/lib/my_py_pkg
Installing listener script to /home/robot/ros2_ws/install/my_py_pkg/lib/my_py_pkg
Installing talker script to /home/robot/ros2_ws/install/my_py_pkg/lib/my_py_pkg
Installing turtle_controller script to /home/robot/ros2_ws/install/my_py_pkg/lib/my_py_pkg
Installing turtle_pose_reader script to /home/robot/ros2_ws/install/my_py_pkg/lib/my_py_pkg
writing list of installed files to '/home/robot/ros2_ws/build/my_py_pkg/install.log'
