running develop
running egg_info
creating my_py_pkg.egg-info
writing my_py_pkg.egg-info/PKG-INFO
writing dependency_links to my_py_pkg.egg-info/dependency_links.txt
writing entry points to my_py_pkg.egg-info/entry_points.txt
writing requirements to my_py_pkg.egg-info/requires.txt
writing top-level names to my_py_pkg.egg-info/top_level.txt
writing manifest file 'my_py_pkg.egg-info/SOURCES.txt'
reading manifest file 'my_py_pkg.egg-info/SOURCES.txt'
writing manifest file 'my_py_pkg.egg-info/SOURCES.txt'
running build_ext
Creating /home/robot/ros2_ws/src/install/my_py_pkg/lib/python3.10/site-packages/my-py-pkg.egg-link (link to .)
Installing controller2 script to /home/robot/ros2_ws/src/install/my_py_pkg/lib/my_py_pkg
Installing listener script to /home/robot/ros2_ws/src/install/my_py_pkg/lib/my_py_pkg
Installing talker script to /home/robot/ros2_ws/src/install/my_py_pkg/lib/my_py_pkg
Installing turtle_controller script to /home/robot/ros2_ws/src/install/my_py_pkg/lib/my_py_pkg
Installing turtle_pose_reader script to /home/robot/ros2_ws/src/install/my_py_pkg/lib/my_py_pkg

Installed /home/robot/ros2_ws/src/build/my_py_pkg
running symlink_data
creating /home/robot/ros2_ws/src/install/my_py_pkg/share/ament_index
creating /home/robot/ros2_ws/src/install/my_py_pkg/share/ament_index/resource_index
creating /home/robot/ros2_ws/src/install/my_py_pkg/share/ament_index/resource_index/packages
symbolically linking /home/robot/ros2_ws/src/build/my_py_pkg/resource/my_py_pkg -> /home/robot/ros2_ws/src/install/my_py_pkg/share/ament_index/resource_index/packages
symbolically linking /home/robot/ros2_ws/src/build/my_py_pkg/package.xml -> /home/robot/ros2_ws/src/install/my_py_pkg/share/my_py_pkg
creating /home/robot/ros2_ws/src/install/my_py_pkg/share/my_py_pkg/launch
symbolically linking /home/robot/ros2_ws/src/build/my_py_pkg/launch/tb3_circle_gazebo.launch.py -> /home/robot/ros2_ws/src/install/my_py_pkg/share/my_py_pkg/launch
symbolically linking /home/robot/ros2_ws/src/build/my_py_pkg/launch/turtle_demo.launch.py -> /home/robot/ros2_ws/src/install/my_py_pkg/share/my_py_pkg/launch
