running develop
running egg_info
writing p3at_simulation.egg-info/PKG-INFO
writing dependency_links to p3at_simulation.egg-info/dependency_links.txt
writing entry points to p3at_simulation.egg-info/entry_points.txt
writing requirements to p3at_simulation.egg-info/requires.txt
writing top-level names to p3at_simulation.egg-info/top_level.txt
reading manifest file 'p3at_simulation.egg-info/SOURCES.txt'
writing manifest file 'p3at_simulation.egg-info/SOURCES.txt'
running build_ext
Creating /home/robot/ros2_ws/install/p3at_simulation/lib/python3.10/site-packages/p3at-simulation.egg-link (link to .)
Installing p3at_controller script to /home/robot/ros2_ws/install/p3at_simulation/lib/p3at_simulation

Installed /home/robot/ros2_ws/build/p3at_simulation
running symlink_data
symbolically linking /home/robot/ros2_ws/build/p3at_simulation/resource/p3at_simulation -> /home/robot/ros2_ws/install/p3at_simulation/share/ament_index/resource_index/packages
symbolically linking /home/robot/ros2_ws/build/p3at_simulation/package.xml -> /home/robot/ros2_ws/install/p3at_simulation/share/p3at_simulation
symbolically linking /home/robot/ros2_ws/build/p3at_simulation/launch/p3at_gazebo.launch.py -> /home/robot/ros2_ws/install/p3at_simulation/share/p3at_simulation/launch
symbolically linking /home/robot/ros2_ws/build/p3at_simulation/launch/p3at_circle.launch.py -> /home/robot/ros2_ws/install/p3at_simulation/share/p3at_simulation/launch
symbolically linking /home/robot/ros2_ws/build/p3at_simulation/urdf/p3at.txt -> /home/robot/ros2_ws/install/p3at_simulation/share/p3at_simulation/urdf
symbolically linking /home/robot/ros2_ws/build/p3at_simulation/urdf/p3at.xacro -> /home/robot/ros2_ws/install/p3at_simulation/share/p3at_simulation/urdf
symbolically linking /home/robot/ros2_ws/build/p3at_simulation/urdf/actor.xacro -> /home/robot/ros2_ws/install/p3at_simulation/share/p3at_simulation/urdf
symbolically linking /home/robot/ros2_ws/build/p3at_simulation/urdf/robot.sdf -> /home/robot/ros2_ws/install/p3at_simulation/share/p3at_simulation/urdf
symbolically linking /home/robot/ros2_ws/build/p3at_simulation/urdf/p3at (cópia).xacro -> /home/robot/ros2_ws/install/p3at_simulation/share/p3at_simulation/urdf
symbolically linking /home/robot/ros2_ws/build/p3at_simulation/urdf/materials.xacro -> /home/robot/ros2_ws/install/p3at_simulation/share/p3at_simulation/urdf
symbolically linking /home/robot/ros2_ws/build/p3at_simulation/urdf/pioneer3at.urdf -> /home/robot/ros2_ws/install/p3at_simulation/share/p3at_simulation/urdf
symbolically linking /home/robot/ros2_ws/build/p3at_simulation/urdf/p3at.gazebo -> /home/robot/ros2_ws/install/p3at_simulation/share/p3at_simulation/urdf
symbolically linking /home/robot/ros2_ws/build/p3at_simulation/meshes/base_laser.dae -> /home/robot/ros2_ws/install/p3at_simulation/share/p3at_simulation/meshes
symbolically linking /home/robot/ros2_ws/build/p3at_simulation/meshes/pan_cam.dae -> /home/robot/ros2_ws/install/p3at_simulation/share/p3at_simulation/meshes
symbolically linking /home/robot/ros2_ws/build/p3at_simulation/meshes/base_cam.dae -> /home/robot/ros2_ws/install/p3at_simulation/share/p3at_simulation/meshes
symbolically linking /home/robot/ros2_ws/build/p3at_simulation/meshes/tilt_cam.dae -> /home/robot/ros2_ws/install/p3at_simulation/share/p3at_simulation/meshes
symbolically linking /home/robot/ros2_ws/build/p3at_simulation/meshes/hokuyo.dae -> /home/robot/ros2_ws/install/p3at_simulation/share/p3at_simulation/meshes
symbolically linking /home/robot/ros2_ws/build/p3at_simulation/meshes/p3dx_meshes/caster_wheel.stl -> /home/robot/ros2_ws/install/p3at_simulation/share/p3at_simulation/meshes/p3dx_meshes
symbolically linking /home/robot/ros2_ws/build/p3at_simulation/meshes/p3dx_meshes/caster_hubcap.stl -> /home/robot/ros2_ws/install/p3at_simulation/share/p3at_simulation/meshes/p3dx_meshes
symbolically linking /home/robot/ros2_ws/build/p3at_simulation/meshes/p3dx_meshes/caster_swivel.stl -> /home/robot/ros2_ws/install/p3at_simulation/share/p3at_simulation/meshes/p3dx_meshes
symbolically linking /home/robot/ros2_ws/build/p3at_simulation/meshes/p3dx_meshes/top.stl -> /home/robot/ros2_ws/install/p3at_simulation/share/p3at_simulation/meshes/p3dx_meshes
symbolically linking /home/robot/ros2_ws/build/p3at_simulation/meshes/p3dx_meshes/left_hubcap.stl -> /home/robot/ros2_ws/install/p3at_simulation/share/p3at_simulation/meshes/p3dx_meshes
symbolically linking /home/robot/ros2_ws/build/p3at_simulation/meshes/p3dx_meshes/right_wheel.stl -> /home/robot/ros2_ws/install/p3at_simulation/share/p3at_simulation/meshes/p3dx_meshes
symbolically linking /home/robot/ros2_ws/build/p3at_simulation/meshes/p3dx_meshes/front_rim.stl -> /home/robot/ros2_ws/install/p3at_simulation/share/p3at_simulation/meshes/p3dx_meshes
symbolically linking /home/robot/ros2_ws/build/p3at_simulation/meshes/p3dx_meshes/right_hubcap.stl -> /home/robot/ros2_ws/install/p3at_simulation/share/p3at_simulation/meshes/p3dx_meshes
symbolically linking /home/robot/ros2_ws/build/p3at_simulation/meshes/p3dx_meshes/left_wheel.stl -> /home/robot/ros2_ws/install/p3at_simulation/share/p3at_simulation/meshes/p3dx_meshes
symbolically linking /home/robot/ros2_ws/build/p3at_simulation/meshes/p3dx_meshes/back_rim.stl -> /home/robot/ros2_ws/install/p3at_simulation/share/p3at_simulation/meshes/p3dx_meshes
symbolically linking /home/robot/ros2_ws/build/p3at_simulation/meshes/p3dx_meshes/chassis.stl -> /home/robot/ros2_ws/install/p3at_simulation/share/p3at_simulation/meshes/p3dx_meshes
symbolically linking /home/robot/ros2_ws/build/p3at_simulation/meshes/p3dx_meshes/front_sonar.stl -> /home/robot/ros2_ws/install/p3at_simulation/share/p3at_simulation/meshes/p3dx_meshes
symbolically linking /home/robot/ros2_ws/build/p3at_simulation/meshes/p3dx_meshes/back_sonar.stl -> /home/robot/ros2_ws/install/p3at_simulation/share/p3at_simulation/meshes/p3dx_meshes
symbolically linking /home/robot/ros2_ws/build/p3at_simulation/meshes/pioneer-lx/pioneer-lx-plinth.blend -> /home/robot/ros2_ws/install/p3at_simulation/share/p3at_simulation/meshes/pioneer-lx
symbolically linking /home/robot/ros2_ws/build/p3at_simulation/meshes/pioneer-lx/pioneer-lx-plinth.stl -> /home/robot/ros2_ws/install/p3at_simulation/share/p3at_simulation/meshes/pioneer-lx
symbolically linking /home/robot/ros2_ws/build/p3at_simulation/meshes/pioneer-lx/pioneer-lx_hull.dae -> /home/robot/ros2_ws/install/p3at_simulation/share/p3at_simulation/meshes/pioneer-lx
symbolically linking /home/robot/ros2_ws/build/p3at_simulation/meshes/pioneer-lx/pioneer-lx_visual.dae -> /home/robot/ros2_ws/install/p3at_simulation/share/p3at_simulation/meshes/pioneer-lx
symbolically linking /home/robot/ros2_ws/build/p3at_simulation/meshes/pioneer-lx/pioneer-lx_visual.stl -> /home/robot/ros2_ws/install/p3at_simulation/share/p3at_simulation/meshes/pioneer-lx
symbolically linking /home/robot/ros2_ws/build/p3at_simulation/meshes/pioneer-lx/pioneer-lx.blend -> /home/robot/ros2_ws/install/p3at_simulation/share/p3at_simulation/meshes/pioneer-lx
symbolically linking /home/robot/ros2_ws/build/p3at_simulation/meshes/pioneer-lx/pioneer-lx_hull.blend -> /home/robot/ros2_ws/install/p3at_simulation/share/p3at_simulation/meshes/pioneer-lx
symbolically linking /home/robot/ros2_ws/build/p3at_simulation/meshes/pioneer-lx/pioneer-lx_hull.stl -> /home/robot/ros2_ws/install/p3at_simulation/share/p3at_simulation/meshes/pioneer-lx
symbolically linking /home/robot/ros2_ws/build/p3at_simulation/meshes/pioneer-lx/pioneer-lx-plinth.dae -> /home/robot/ros2_ws/install/p3at_simulation/share/p3at_simulation/meshes/pioneer-lx
symbolically linking /home/robot/ros2_ws/build/p3at_simulation/meshes/p3at_meshes/wheel.stl -> /home/robot/ros2_ws/install/p3at_simulation/share/p3at_simulation/meshes/p3at_meshes
symbolically linking /home/robot/ros2_ws/build/p3at_simulation/meshes/p3at_meshes/top.stl -> /home/robot/ros2_ws/install/p3at_simulation/share/p3at_simulation/meshes/p3at_meshes
symbolically linking /home/robot/ros2_ws/build/p3at_simulation/meshes/p3at_meshes/left_hubcap.stl -> /home/robot/ros2_ws/install/p3at_simulation/share/p3at_simulation/meshes/p3at_meshes
symbolically linking /home/robot/ros2_ws/build/p3at_simulation/meshes/p3at_meshes/axle.stl -> /home/robot/ros2_ws/install/p3at_simulation/share/p3at_simulation/meshes/p3at_meshes
symbolically linking /home/robot/ros2_ws/build/p3at_simulation/meshes/p3at_meshes/right_hubcap.stl -> /home/robot/ros2_ws/install/p3at_simulation/share/p3at_simulation/meshes/p3at_meshes
symbolically linking /home/robot/ros2_ws/build/p3at_simulation/meshes/p3at_meshes/Coordinates -> /home/robot/ros2_ws/install/p3at_simulation/share/p3at_simulation/meshes/p3at_meshes
symbolically linking /home/robot/ros2_ws/build/p3at_simulation/meshes/p3at_meshes/chassis.stl -> /home/robot/ros2_ws/install/p3at_simulation/share/p3at_simulation/meshes/p3at_meshes
symbolically linking /home/robot/ros2_ws/build/p3at_simulation/meshes/p3at_meshes/front_sonar.stl -> /home/robot/ros2_ws/install/p3at_simulation/share/p3at_simulation/meshes/p3at_meshes
symbolically linking /home/robot/ros2_ws/build/p3at_simulation/meshes/p3at_meshes/back_sonar.stl -> /home/robot/ros2_ws/install/p3at_simulation/share/p3at_simulation/meshes/p3at_meshes
