-- The C compiler identification is GNU 11.4.0
-- The CXX compiler identification is GNU 11.4.0
-- Detecting C compiler ABI info
-- Detecting C compiler ABI info - done
-- Check for working C compiler: /usr/bin/cc - skipped
-- Detecting C compile features
-- Detecting C compile features - done
-- Detecting CXX compiler ABI info
-- Detecting CXX compiler ABI info - done
-- Check for working CXX compiler: /usr/bin/c++ - skipped
-- Detecting CXX compile features
-- Detecting CXX compile features - done
-- Found ament_cmake: 1.3.12 (/opt/ros/humble/share/ament_cmake/cmake)
-- Found Python3: /usr/bin/python3 (found version "3.10.12") found components: Interpreter 
-- Found xacro: 2.0.13 (/opt/ros/humble/share/xacro/cmake)
-- Found ros_gz_sim: 0.244.20 (/opt/ros/humble/share/ros_gz_sim/cmake)
-- Found rosidl_generator_c: 3.1.7 (/opt/ros/humble/share/rosidl_generator_c/cmake)
-- Found rosidl_adapter: 3.1.7 (/opt/ros/humble/share/rosidl_adapter/cmake)
-- Found rosidl_generator_cpp: 3.1.7 (/opt/ros/humble/share/rosidl_generator_cpp/cmake)
-- Using all available rosidl_typesupport_c: rosidl_typesupport_fastrtps_c;rosidl_typesupport_introspection_c
-- Using all available rosidl_typesupport_cpp: rosidl_typesupport_fastrtps_cpp;rosidl_typesupport_introspection_cpp
-- Found rmw_implementation_cmake: 6.1.2 (/opt/ros/humble/share/rmw_implementation_cmake/cmake)
-- Found rmw_fastrtps_cpp: 6.2.8 (/opt/ros/humble/share/rmw_fastrtps_cpp/cmake)
-- Found OpenSSL: /usr/lib/x86_64-linux-gnu/libcrypto.so (found version "3.0.2")  
-- Found FastRTPS: /opt/ros/humble/include  
-- Using RMW implementation 'rmw_fastrtps_cpp' as default
-- Looking for pthread.h
-- Looking for pthread.h - found
-- Performing Test CMAKE_HAVE_LIBC_PTHREAD
-- Performing Test CMAKE_HAVE_LIBC_PTHREAD - Success
-- Found Threads: TRUE  
-- Found robot_state_publisher: 3.0.3 (/opt/ros/humble/share/robot_state_publisher/cmake)
-- Found eigen3_cmake_module: 0.1.1 (/opt/ros/humble/share/eigen3_cmake_module/cmake)
-- Found Eigen3: TRUE (found version "3.4.0") 
-- Ensuring Eigen3 include directory is part of orocos-kdl CMake target
-- Found rclpy: 3.3.17 (/opt/ros/humble/share/rclpy/cmake)
-- Configuring done
-- Generating done
[33mCMake Warning:
  Manually-specified variables were not used by the project:

    CATKIN_INSTALL_INTO_PREFIX_ROOT
    CATKIN_SYMLINK_INSTALL

[0m
-- Build files have been written to: /home/robot/ros2_ws/build/p3at_simulation
-- Install configuration: ""
-- Installing: /home/robot/ros2_ws/install/p3at_simulation/share/p3at_simulation//launch
-- Installing: /home/robot/ros2_ws/install/p3at_simulation/share/p3at_simulation//launch/xspawn_p3at.launch.py
-- Installing: /home/robot/ros2_ws/install/p3at_simulation/share/p3at_simulation//launch/spawn_p3at.launch.py
-- Installing: /home/robot/ros2_ws/install/p3at_simulation/share/p3at_simulation//urdf
-- Installing: /home/robot/ros2_ws/install/p3at_simulation/share/p3at_simulation//urdf/p3at.urdf.xacro
-- Installing: /home/robot/ros2_ws/install/p3at_simulation/share/p3at_simulation//worlds
-- Installing: /home/robot/ros2_ws/install/p3at_simulation/share/p3at_simulation//worlds/simple_world.world
-- Installing: /home/robot/ros2_ws/install/p3at_simulation/share/ament_index/resource_index/package_run_dependencies/p3at_simulation
-- Installing: /home/robot/ros2_ws/install/p3at_simulation/share/ament_index/resource_index/parent_prefix_path/p3at_simulation
-- Installing: /home/robot/ros2_ws/install/p3at_simulation/share/p3at_simulation/environment/ament_prefix_path.sh
-- Installing: /home/robot/ros2_ws/install/p3at_simulation/share/p3at_simulation/environment/ament_prefix_path.dsv
-- Installing: /home/robot/ros2_ws/install/p3at_simulation/share/p3at_simulation/environment/path.sh
-- Installing: /home/robot/ros2_ws/install/p3at_simulation/share/p3at_simulation/environment/path.dsv
-- Installing: /home/robot/ros2_ws/install/p3at_simulation/share/p3at_simulation/local_setup.bash
-- Installing: /home/robot/ros2_ws/install/p3at_simulation/share/p3at_simulation/local_setup.sh
-- Installing: /home/robot/ros2_ws/install/p3at_simulation/share/p3at_simulation/local_setup.zsh
-- Installing: /home/robot/ros2_ws/install/p3at_simulation/share/p3at_simulation/local_setup.dsv
-- Installing: /home/robot/ros2_ws/install/p3at_simulation/share/p3at_simulation/package.dsv
-- Installing: /home/robot/ros2_ws/install/p3at_simulation/share/ament_index/resource_index/packages/p3at_simulation
-- Installing: /home/robot/ros2_ws/install/p3at_simulation/share/p3at_simulation/cmake/p3at_simulationConfig.cmake
-- Installing: /home/robot/ros2_ws/install/p3at_simulation/share/p3at_simulation/cmake/p3at_simulationConfig-version.cmake
-- Installing: /home/robot/ros2_ws/install/p3at_simulation/share/p3at_simulation/package.xml
