[0.162s] Invoking command in '/home/robot/ros2_ws/build/p3at_simulation': /usr/bin/cmake /home/robot/ros2_ws/lixo/src/p3at_simulation -DCATKIN_INSTALL_INTO_PREFIX_ROOT=0 -DCATKIN_SYMLINK_INSTALL=ON -DCMAKE_INSTALL_PREFIX=/home/robot/ros2_ws/install/p3at_simulation
[0.251s] -- The C compiler identification is GNU 11.4.0
[0.323s] -- The CXX compiler identification is GNU 11.4.0
[0.331s] -- Detecting C compiler ABI info
[0.402s] -- Detecting C compiler ABI info - done
[0.411s] -- Check for working C compiler: /usr/bin/cc - skipped
[0.412s] -- Detecting C compile features
[0.413s] -- Detecting C compile features - done
[0.417s] -- Detecting CXX compiler ABI info
[0.487s] -- Detecting CXX compiler ABI info - done
[0.497s] -- Check for working CXX compiler: /usr/bin/c++ - skipped
[0.497s] -- Detecting CXX compile features
[0.497s] -- Detecting CXX compile features - done
[0.499s] -- Found ament_cmake: 1.3.12 (/opt/ros/humble/share/ament_cmake/cmake)
[0.633s] -- Found Python3: /usr/bin/python3 (found version "3.10.12") found components: Interpreter 
[0.702s] -- Found xacro: 2.0.13 (/opt/ros/humble/share/xacro/cmake)
[0.703s] -- Found ros_gz_sim: 0.244.20 (/opt/ros/humble/share/ros_gz_sim/cmake)
[0.739s] -- Found rosidl_generator_c: 3.1.7 (/opt/ros/humble/share/rosidl_generator_c/cmake)
[0.742s] -- Found rosidl_adapter: 3.1.7 (/opt/ros/humble/share/rosidl_adapter/cmake)
[0.749s] -- Found rosidl_generator_cpp: 3.1.7 (/opt/ros/humble/share/rosidl_generator_cpp/cmake)
[0.760s] -- Using all available rosidl_typesupport_c: rosidl_typesupport_fastrtps_c;rosidl_typesupport_introspection_c
[0.772s] -- Using all available rosidl_typesupport_cpp: rosidl_typesupport_fastrtps_cpp;rosidl_typesupport_introspection_cpp
[0.807s] -- Found rmw_implementation_cmake: 6.1.2 (/opt/ros/humble/share/rmw_implementation_cmake/cmake)
[0.809s] -- Found rmw_fastrtps_cpp: 6.2.8 (/opt/ros/humble/share/rmw_fastrtps_cpp/cmake)
[0.895s] -- Found OpenSSL: /usr/lib/x86_64-linux-gnu/libcrypto.so (found version "3.0.2")  
[0.923s] -- Found FastRTPS: /opt/ros/humble/include  
[0.954s] -- Using RMW implementation 'rmw_fastrtps_cpp' as default
[0.961s] -- Looking for pthread.h
[1.051s] -- Looking for pthread.h - found
[1.052s] -- Performing Test CMAKE_HAVE_LIBC_PTHREAD
[1.139s] -- Performing Test CMAKE_HAVE_LIBC_PTHREAD - Success
[1.141s] -- Found Threads: TRUE  
[1.192s] -- Found robot_state_publisher: 3.0.3 (/opt/ros/humble/share/robot_state_publisher/cmake)
[1.213s] -- Found eigen3_cmake_module: 0.1.1 (/opt/ros/humble/share/eigen3_cmake_module/cmake)
[1.214s] -- Found Eigen3: TRUE (found version "3.4.0") 
[1.214s] -- Ensuring Eigen3 include directory is part of orocos-kdl CMake target
[1.329s] -- Found rclpy: 3.3.17 (/opt/ros/humble/share/rclpy/cmake)
[1.372s] -- Configuring done
[1.375s] -- Generating done
[1.376s] [33mCMake Warning:
[1.376s]   Manually-specified variables were not used by the project:
[1.376s] 
[1.376s]     CATKIN_INSTALL_INTO_PREFIX_ROOT
[1.376s]     CATKIN_SYMLINK_INSTALL
[1.376s] 
[1.376s] [0m
[1.376s] -- Build files have been written to: /home/robot/ros2_ws/build/p3at_simulation
[1.385s] Invoked command in '/home/robot/ros2_ws/build/p3at_simulation' returned '0': /usr/bin/cmake /home/robot/ros2_ws/lixo/src/p3at_simulation -DCATKIN_INSTALL_INTO_PREFIX_ROOT=0 -DCATKIN_SYMLINK_INSTALL=ON -DCMAKE_INSTALL_PREFIX=/home/robot/ros2_ws/install/p3at_simulation
[1.386s] Invoking command in '/home/robot/ros2_ws/build/p3at_simulation': /usr/bin/cmake --build /home/robot/ros2_ws/build/p3at_simulation -- -j12 -l12
[1.426s] Invoked command in '/home/robot/ros2_ws/build/p3at_simulation' returned '0': /usr/bin/cmake --build /home/robot/ros2_ws/build/p3at_simulation -- -j12 -l12
[1.438s] Invoking command in '/home/robot/ros2_ws/build/p3at_simulation': /usr/bin/cmake --install /home/robot/ros2_ws/build/p3at_simulation
[1.447s] -- Install configuration: ""
[1.448s] -- Installing: /home/robot/ros2_ws/install/p3at_simulation/share/p3at_simulation//launch
[1.448s] -- Installing: /home/robot/ros2_ws/install/p3at_simulation/share/p3at_simulation//launch/xspawn_p3at.launch.py
[1.448s] -- Installing: /home/robot/ros2_ws/install/p3at_simulation/share/p3at_simulation//launch/spawn_p3at.launch.py
[1.449s] -- Installing: /home/robot/ros2_ws/install/p3at_simulation/share/p3at_simulation//urdf
[1.449s] -- Installing: /home/robot/ros2_ws/install/p3at_simulation/share/p3at_simulation//urdf/p3at.urdf.xacro
[1.449s] -- Installing: /home/robot/ros2_ws/install/p3at_simulation/share/p3at_simulation//worlds
[1.449s] -- Installing: /home/robot/ros2_ws/install/p3at_simulation/share/p3at_simulation//worlds/simple_world.world
[1.450s] -- Installing: /home/robot/ros2_ws/install/p3at_simulation/share/ament_index/resource_index/package_run_dependencies/p3at_simulation
[1.450s] -- Installing: /home/robot/ros2_ws/install/p3at_simulation/share/ament_index/resource_index/parent_prefix_path/p3at_simulation
[1.450s] -- Installing: /home/robot/ros2_ws/install/p3at_simulation/share/p3at_simulation/environment/ament_prefix_path.sh
[1.450s] -- Installing: /home/robot/ros2_ws/install/p3at_simulation/share/p3at_simulation/environment/ament_prefix_path.dsv
[1.451s] -- Installing: /home/robot/ros2_ws/install/p3at_simulation/share/p3at_simulation/environment/path.sh
[1.451s] -- Installing: /home/robot/ros2_ws/install/p3at_simulation/share/p3at_simulation/environment/path.dsv
[1.451s] -- Installing: /home/robot/ros2_ws/install/p3at_simulation/share/p3at_simulation/local_setup.bash
[1.451s] -- Installing: /home/robot/ros2_ws/install/p3at_simulation/share/p3at_simulation/local_setup.sh
[1.451s] -- Installing: /home/robot/ros2_ws/install/p3at_simulation/share/p3at_simulation/local_setup.zsh
[1.451s] -- Installing: /home/robot/ros2_ws/install/p3at_simulation/share/p3at_simulation/local_setup.dsv
[1.451s] -- Installing: /home/robot/ros2_ws/install/p3at_simulation/share/p3at_simulation/package.dsv
[1.452s] -- Installing: /home/robot/ros2_ws/install/p3at_simulation/share/ament_index/resource_index/packages/p3at_simulation
[1.452s] -- Installing: /home/robot/ros2_ws/install/p3at_simulation/share/p3at_simulation/cmake/p3at_simulationConfig.cmake
[1.452s] -- Installing: /home/robot/ros2_ws/install/p3at_simulation/share/p3at_simulation/cmake/p3at_simulationConfig-version.cmake
[1.452s] -- Installing: /home/robot/ros2_ws/install/p3at_simulation/share/p3at_simulation/package.xml
[1.455s] Invoked command in '/home/robot/ros2_ws/build/p3at_simulation' returned '0': /usr/bin/cmake --install /home/robot/ros2_ws/build/p3at_simulation
