[0.431s] Invoking command in '/home/robot/ros2_ws/build/my_py_pkg': PYTHONPATH=/home/robot/ros2_ws/build/my_py_pkg/prefix_override:/usr/lib/python3/dist-packages/colcon_core/task/python/colcon_distutils_commands:/home/robot/ros2_ws/install/my_py_pkg/lib/python3.10/site-packages:${PYTHONPATH} /usr/bin/python3 -W ignore:setup.py install is deprecated -W ignore:easy_install command is deprecated setup.py develop --editable --build-directory /home/robot/ros2_ws/build/my_py_pkg/build --no-deps symlink_data
[0.610s] running develop
[0.705s] running egg_info
[0.705s] creating my_py_pkg.egg-info
[0.705s] writing my_py_pkg.egg-info/PKG-INFO
[0.705s] writing dependency_links to my_py_pkg.egg-info/dependency_links.txt
[0.705s] writing entry points to my_py_pkg.egg-info/entry_points.txt
[0.706s] writing requirements to my_py_pkg.egg-info/requires.txt
[0.706s] writing top-level names to my_py_pkg.egg-info/top_level.txt
[0.706s] writing manifest file 'my_py_pkg.egg-info/SOURCES.txt'
[0.706s] reading manifest file 'my_py_pkg.egg-info/SOURCES.txt'
[0.707s] writing manifest file 'my_py_pkg.egg-info/SOURCES.txt'
[0.707s] running build_ext
[0.708s] Creating /home/robot/ros2_ws/install/my_py_pkg/lib/python3.10/site-packages/my-py-pkg.egg-link (link to .)
[0.708s] Installing listenerer script to /home/robot/ros2_ws/install/my_py_pkg/lib/my_py_pkg
[0.708s] Installing talker script to /home/robot/ros2_ws/install/my_py_pkg/lib/my_py_pkg
[0.708s] 
[0.709s] Installed /home/robot/ros2_ws/build/my_py_pkg
[0.709s] running symlink_data
[0.709s] creating /home/robot/ros2_ws/install/my_py_pkg/share/ament_index
[0.709s] creating /home/robot/ros2_ws/install/my_py_pkg/share/ament_index/resource_index
[0.709s] creating /home/robot/ros2_ws/install/my_py_pkg/share/ament_index/resource_index/packages
[0.709s] symbolically linking /home/robot/ros2_ws/build/my_py_pkg/resource/my_py_pkg -> /home/robot/ros2_ws/install/my_py_pkg/share/ament_index/resource_index/packages
[0.709s] symbolically linking /home/robot/ros2_ws/build/my_py_pkg/package.xml -> /home/robot/ros2_ws/install/my_py_pkg/share/my_py_pkg
[0.728s] Invoked command in '/home/robot/ros2_ws/build/my_py_pkg' returned '0': PYTHONPATH=/home/robot/ros2_ws/build/my_py_pkg/prefix_override:/usr/lib/python3/dist-packages/colcon_core/task/python/colcon_distutils_commands:/home/robot/ros2_ws/install/my_py_pkg/lib/python3.10/site-packages:${PYTHONPATH} /usr/bin/python3 -W ignore:setup.py install is deprecated -W ignore:easy_install command is deprecated setup.py develop --editable --build-directory /home/robot/ros2_ws/build/my_py_pkg/build --no-deps symlink_data
