running egg_info
creating ../../build/qlearn_diffdrive/qlearn_diffdrive.egg-info
writing ../../build/qlearn_diffdrive/qlearn_diffdrive.egg-info/PKG-INFO
writing dependency_links to ../../build/qlearn_diffdrive/qlearn_diffdrive.egg-info/dependency_links.txt
writing entry points to ../../build/qlearn_diffdrive/qlearn_diffdrive.egg-info/entry_points.txt
writing requirements to ../../build/qlearn_diffdrive/qlearn_diffdrive.egg-info/requires.txt
writing top-level names to ../../build/qlearn_diffdrive/qlearn_diffdrive.egg-info/top_level.txt
writing manifest file '../../build/qlearn_diffdrive/qlearn_diffdrive.egg-info/SOURCES.txt'
reading manifest file '../../build/qlearn_diffdrive/qlearn_diffdrive.egg-info/SOURCES.txt'
writing manifest file '../../build/qlearn_diffdrive/qlearn_diffdrive.egg-info/SOURCES.txt'
running build
running build_py
creating /home/robot/ros2_ws/build/qlearn_diffdrive/build
creating /home/robot/ros2_ws/build/qlearn_diffdrive/build/lib
creating /home/robot/ros2_ws/build/qlearn_diffdrive/build/lib/qlearn_diffdrive
copying qlearn_diffdrive/__init__.py -> /home/robot/ros2_ws/build/qlearn_diffdrive/build/lib/qlearn_diffdrive
copying qlearn_diffdrive/qlearn_turtlesim.py -> /home/robot/ros2_ws/build/qlearn_diffdrive/build/lib/qlearn_diffdrive
running install
running install_lib
creating /home/robot/ros2_ws/install/qlearn_diffdrive/lib/python3.10/site-packages/qlearn_diffdrive
copying /home/robot/ros2_ws/build/qlearn_diffdrive/build/lib/qlearn_diffdrive/__init__.py -> /home/robot/ros2_ws/install/qlearn_diffdrive/lib/python3.10/site-packages/qlearn_diffdrive
copying /home/robot/ros2_ws/build/qlearn_diffdrive/build/lib/qlearn_diffdrive/qlearn_turtlesim.py -> /home/robot/ros2_ws/install/qlearn_diffdrive/lib/python3.10/site-packages/qlearn_diffdrive
byte-compiling /home/robot/ros2_ws/install/qlearn_diffdrive/lib/python3.10/site-packages/qlearn_diffdrive/__init__.py to __init__.cpython-310.pyc
byte-compiling /home/robot/ros2_ws/install/qlearn_diffdrive/lib/python3.10/site-packages/qlearn_diffdrive/qlearn_turtlesim.py to qlearn_turtlesim.cpython-310.pyc
running install_data
creating /home/robot/ros2_ws/install/qlearn_diffdrive/share/ament_index
creating /home/robot/ros2_ws/install/qlearn_diffdrive/share/ament_index/resource_index
creating /home/robot/ros2_ws/install/qlearn_diffdrive/share/ament_index/resource_index/packages
copying resource/qlearn_diffdrive -> /home/robot/ros2_ws/install/qlearn_diffdrive/share/ament_index/resource_index/packages
copying package.xml -> /home/robot/ros2_ws/install/qlearn_diffdrive/share/qlearn_diffdrive
running install_egg_info
Copying ../../build/qlearn_diffdrive/qlearn_diffdrive.egg-info to /home/robot/ros2_ws/install/qlearn_diffdrive/lib/python3.10/site-packages/qlearn_diffdrive-0.0.0-py3.10.egg-info
running install_scripts
Installing qlearn_turtlesim script to /home/robot/ros2_ws/install/qlearn_diffdrive/lib/qlearn_diffdrive
writing list of installed files to '/home/robot/ros2_ws/build/qlearn_diffdrive/install.log'
