[0.641s] Invoking command in '/home/robot/ros2_ws/src/qlearn_diffdrive': PYTHONPATH=/home/robot/ros2_ws/build/qlearn_diffdrive/prefix_override:/usr/lib/python3/dist-packages/colcon_core/task/python/colcon_distutils_commands:/home/robot/ros2_ws/install/qlearn_diffdrive/lib/python3.10/site-packages:${PYTHONPATH} /usr/bin/python3 -W ignore:setup.py install is deprecated -W ignore:easy_install command is deprecated setup.py egg_info --egg-base ../../build/qlearn_diffdrive build --build-base /home/robot/ros2_ws/build/qlearn_diffdrive/build install --record /home/robot/ros2_ws/build/qlearn_diffdrive/install.log --single-version-externally-managed install_data
[0.788s] running egg_info
[0.788s] creating ../../build/qlearn_diffdrive/qlearn_diffdrive.egg-info
[0.788s] writing ../../build/qlearn_diffdrive/qlearn_diffdrive.egg-info/PKG-INFO
[0.788s] writing dependency_links to ../../build/qlearn_diffdrive/qlearn_diffdrive.egg-info/dependency_links.txt
[0.788s] writing entry points to ../../build/qlearn_diffdrive/qlearn_diffdrive.egg-info/entry_points.txt
[0.789s] writing requirements to ../../build/qlearn_diffdrive/qlearn_diffdrive.egg-info/requires.txt
[0.789s] writing top-level names to ../../build/qlearn_diffdrive/qlearn_diffdrive.egg-info/top_level.txt
[0.789s] writing manifest file '../../build/qlearn_diffdrive/qlearn_diffdrive.egg-info/SOURCES.txt'
[0.789s] reading manifest file '../../build/qlearn_diffdrive/qlearn_diffdrive.egg-info/SOURCES.txt'
[0.790s] writing manifest file '../../build/qlearn_diffdrive/qlearn_diffdrive.egg-info/SOURCES.txt'
[0.790s] running build
[0.790s] running build_py
[0.790s] creating /home/robot/ros2_ws/build/qlearn_diffdrive/build
[0.790s] creating /home/robot/ros2_ws/build/qlearn_diffdrive/build/lib
[0.790s] creating /home/robot/ros2_ws/build/qlearn_diffdrive/build/lib/qlearn_diffdrive
[0.791s] copying qlearn_diffdrive/__init__.py -> /home/robot/ros2_ws/build/qlearn_diffdrive/build/lib/qlearn_diffdrive
[0.791s] copying qlearn_diffdrive/qlearn_turtlesim.py -> /home/robot/ros2_ws/build/qlearn_diffdrive/build/lib/qlearn_diffdrive
[0.791s] running install
[0.791s] running install_lib
[0.791s] creating /home/robot/ros2_ws/install/qlearn_diffdrive/lib/python3.10/site-packages/qlearn_diffdrive
[0.791s] copying /home/robot/ros2_ws/build/qlearn_diffdrive/build/lib/qlearn_diffdrive/__init__.py -> /home/robot/ros2_ws/install/qlearn_diffdrive/lib/python3.10/site-packages/qlearn_diffdrive
[0.791s] copying /home/robot/ros2_ws/build/qlearn_diffdrive/build/lib/qlearn_diffdrive/qlearn_turtlesim.py -> /home/robot/ros2_ws/install/qlearn_diffdrive/lib/python3.10/site-packages/qlearn_diffdrive
[0.791s] byte-compiling /home/robot/ros2_ws/install/qlearn_diffdrive/lib/python3.10/site-packages/qlearn_diffdrive/__init__.py to __init__.cpython-310.pyc
[0.791s] byte-compiling /home/robot/ros2_ws/install/qlearn_diffdrive/lib/python3.10/site-packages/qlearn_diffdrive/qlearn_turtlesim.py to qlearn_turtlesim.cpython-310.pyc
[0.792s] running install_data
[0.792s] creating /home/robot/ros2_ws/install/qlearn_diffdrive/share/ament_index
[0.793s] creating /home/robot/ros2_ws/install/qlearn_diffdrive/share/ament_index/resource_index
[0.793s] creating /home/robot/ros2_ws/install/qlearn_diffdrive/share/ament_index/resource_index/packages
[0.793s] copying resource/qlearn_diffdrive -> /home/robot/ros2_ws/install/qlearn_diffdrive/share/ament_index/resource_index/packages
[0.793s] copying package.xml -> /home/robot/ros2_ws/install/qlearn_diffdrive/share/qlearn_diffdrive
[0.793s] running install_egg_info
[0.794s] Copying ../../build/qlearn_diffdrive/qlearn_diffdrive.egg-info to /home/robot/ros2_ws/install/qlearn_diffdrive/lib/python3.10/site-packages/qlearn_diffdrive-0.0.0-py3.10.egg-info
[0.794s] running install_scripts
[0.807s] Installing qlearn_turtlesim script to /home/robot/ros2_ws/install/qlearn_diffdrive/lib/qlearn_diffdrive
[0.808s] writing list of installed files to '/home/robot/ros2_ws/build/qlearn_diffdrive/install.log'
[0.826s] Invoked command in '/home/robot/ros2_ws/src/qlearn_diffdrive' returned '0': PYTHONPATH=/home/robot/ros2_ws/build/qlearn_diffdrive/prefix_override:/usr/lib/python3/dist-packages/colcon_core/task/python/colcon_distutils_commands:/home/robot/ros2_ws/install/qlearn_diffdrive/lib/python3.10/site-packages:${PYTHONPATH} /usr/bin/python3 -W ignore:setup.py install is deprecated -W ignore:easy_install command is deprecated setup.py egg_info --egg-base ../../build/qlearn_diffdrive build --build-base /home/robot/ros2_ws/build/qlearn_diffdrive/build install --record /home/robot/ros2_ws/build/qlearn_diffdrive/install.log --single-version-externally-managed install_data
