[1.015s] Invoking command in '/home/robot/ros2_ws/src/p3at_simulation': PYTHONPATH=/home/robot/ros2_ws/build/p3at_simulation/prefix_override:/usr/lib/python3/dist-packages/colcon_core/task/python/colcon_distutils_commands:/home/robot/ros2_ws/install/p3at_simulation/lib/python3.10/site-packages:${PYTHONPATH} /usr/bin/python3 -W ignore:setup.py install is deprecated -W ignore:easy_install command is deprecated setup.py egg_info --egg-base ../../build/p3at_simulation build --build-base /home/robot/ros2_ws/build/p3at_simulation/build install --record /home/robot/ros2_ws/build/p3at_simulation/install.log --single-version-externally-managed install_data
[1.309s] running egg_info
[1.310s] writing ../../build/p3at_simulation/p3at_simulation.egg-info/PKG-INFO
[1.310s] writing dependency_links to ../../build/p3at_simulation/p3at_simulation.egg-info/dependency_links.txt
[1.310s] writing entry points to ../../build/p3at_simulation/p3at_simulation.egg-info/entry_points.txt
[1.310s] writing requirements to ../../build/p3at_simulation/p3at_simulation.egg-info/requires.txt
[1.310s] writing top-level names to ../../build/p3at_simulation/p3at_simulation.egg-info/top_level.txt
[1.312s] reading manifest file '../../build/p3at_simulation/p3at_simulation.egg-info/SOURCES.txt'
[1.313s] writing manifest file '../../build/p3at_simulation/p3at_simulation.egg-info/SOURCES.txt'
[1.314s] running build
[1.314s] running build_py
[1.314s] running install
[1.314s] running install_lib
[1.316s] running install_data
[1.317s] running install_egg_info
[1.319s] removing '/home/robot/ros2_ws/install/p3at_simulation/lib/python3.10/site-packages/p3at_simulation-0.0.0-py3.10.egg-info' (and everything under it)
[1.319s] Copying ../../build/p3at_simulation/p3at_simulation.egg-info to /home/robot/ros2_ws/install/p3at_simulation/lib/python3.10/site-packages/p3at_simulation-0.0.0-py3.10.egg-info
[1.320s] running install_scripts
[1.346s] writing list of installed files to '/home/robot/ros2_ws/build/p3at_simulation/install.log'
[1.381s] Invoked command in '/home/robot/ros2_ws/src/p3at_simulation' returned '0': PYTHONPATH=/home/robot/ros2_ws/build/p3at_simulation/prefix_override:/usr/lib/python3/dist-packages/colcon_core/task/python/colcon_distutils_commands:/home/robot/ros2_ws/install/p3at_simulation/lib/python3.10/site-packages:${PYTHONPATH} /usr/bin/python3 -W ignore:setup.py install is deprecated -W ignore:easy_install command is deprecated setup.py egg_info --egg-base ../../build/p3at_simulation build --build-base /home/robot/ros2_ws/build/p3at_simulation/build install --record /home/robot/ros2_ws/build/p3at_simulation/install.log --single-version-externally-managed install_data
