[0.397s] Invoking command in '/home/robot/ros2_ws/src/p3at_simulation': PYTHONPATH=/home/robot/ros2_ws/build/p3at_simulation/prefix_override:/usr/lib/python3/dist-packages/colcon_core/task/python/colcon_distutils_commands:/home/robot/ros2_ws/install/p3at_simulation/lib/python3.10/site-packages:${PYTHONPATH} /usr/bin/python3 -W ignore:setup.py install is deprecated -W ignore:easy_install command is deprecated setup.py egg_info --egg-base ../../build/p3at_simulation build --build-base /home/robot/ros2_ws/build/p3at_simulation/build install --record /home/robot/ros2_ws/build/p3at_simulation/install.log --single-version-externally-managed install_data
[0.554s] running egg_info
[0.554s] writing ../../build/p3at_simulation/p3at_simulation.egg-info/PKG-INFO
[0.554s] writing dependency_links to ../../build/p3at_simulation/p3at_simulation.egg-info/dependency_links.txt
[0.554s] writing entry points to ../../build/p3at_simulation/p3at_simulation.egg-info/entry_points.txt
[0.555s] writing requirements to ../../build/p3at_simulation/p3at_simulation.egg-info/requires.txt
[0.555s] writing top-level names to ../../build/p3at_simulation/p3at_simulation.egg-info/top_level.txt
[0.555s] reading manifest file '../../build/p3at_simulation/p3at_simulation.egg-info/SOURCES.txt'
[0.556s] writing manifest file '../../build/p3at_simulation/p3at_simulation.egg-info/SOURCES.txt'
[0.556s] running build
[0.556s] running build_py
[0.557s] running install
[0.557s] running install_lib
[0.558s] running install_data
[0.558s] running install_egg_info
[0.559s] removing '/home/robot/ros2_ws/install/p3at_simulation/lib/python3.10/site-packages/p3at_simulation-0.0.0-py3.10.egg-info' (and everything under it)
[0.559s] Copying ../../build/p3at_simulation/p3at_simulation.egg-info to /home/robot/ros2_ws/install/p3at_simulation/lib/python3.10/site-packages/p3at_simulation-0.0.0-py3.10.egg-info
[0.560s] running install_scripts
[0.574s] Installing p3at_controller script to /home/robot/ros2_ws/install/p3at_simulation/lib/p3at_simulation
[0.574s] writing list of installed files to '/home/robot/ros2_ws/build/p3at_simulation/install.log'
[0.590s] Invoked command in '/home/robot/ros2_ws/src/p3at_simulation' returned '0': PYTHONPATH=/home/robot/ros2_ws/build/p3at_simulation/prefix_override:/usr/lib/python3/dist-packages/colcon_core/task/python/colcon_distutils_commands:/home/robot/ros2_ws/install/p3at_simulation/lib/python3.10/site-packages:${PYTHONPATH} /usr/bin/python3 -W ignore:setup.py install is deprecated -W ignore:easy_install command is deprecated setup.py egg_info --egg-base ../../build/p3at_simulation build --build-base /home/robot/ros2_ws/build/p3at_simulation/build install --record /home/robot/ros2_ws/build/p3at_simulation/install.log --single-version-externally-managed install_data
