running egg_info
writing ../../build/p3at_simulation/p3at_simulation.egg-info/PKG-INFO
writing dependency_links to ../../build/p3at_simulation/p3at_simulation.egg-info/dependency_links.txt
writing entry points to ../../build/p3at_simulation/p3at_simulation.egg-info/entry_points.txt
writing requirements to ../../build/p3at_simulation/p3at_simulation.egg-info/requires.txt
writing top-level names to ../../build/p3at_simulation/p3at_simulation.egg-info/top_level.txt
reading manifest file '../../build/p3at_simulation/p3at_simulation.egg-info/SOURCES.txt'
writing manifest file '../../build/p3at_simulation/p3at_simulation.egg-info/SOURCES.txt'
running build
running build_py
copying p3at_simulation/p3at_controller2.py -> /home/robot/ros2_ws/build/p3at_simulation/build/lib/p3at_simulation
copying p3at_simulation/p3at_pose_reader.py -> /home/robot/ros2_ws/build/p3at_simulation/build/lib/p3at_simulation
copying p3at_simulation/p3at_controller.py -> /home/robot/ros2_ws/build/p3at_simulation/build/lib/p3at_simulation
running install
running install_lib
copying /home/robot/ros2_ws/build/p3at_simulation/build/lib/p3at_simulation/p3at_controller2.py -> /home/robot/ros2_ws/install/p3at_simulation/lib/python3.10/site-packages/p3at_simulation
copying /home/robot/ros2_ws/build/p3at_simulation/build/lib/p3at_simulation/p3at_pose_reader.py -> /home/robot/ros2_ws/install/p3at_simulation/lib/python3.10/site-packages/p3at_simulation
copying /home/robot/ros2_ws/build/p3at_simulation/build/lib/p3at_simulation/p3at_controller.py -> /home/robot/ros2_ws/install/p3at_simulation/lib/python3.10/site-packages/p3at_simulation
byte-compiling /home/robot/ros2_ws/install/p3at_simulation/lib/python3.10/site-packages/p3at_simulation/p3at_controller2.py to p3at_controller2.cpython-310.pyc
byte-compiling /home/robot/ros2_ws/install/p3at_simulation/lib/python3.10/site-packages/p3at_simulation/p3at_pose_reader.py to p3at_pose_reader.cpython-310.pyc
byte-compiling /home/robot/ros2_ws/install/p3at_simulation/lib/python3.10/site-packages/p3at_simulation/p3at_controller.py to p3at_controller.cpython-310.pyc
running install_data
running install_egg_info
removing '/home/robot/ros2_ws/install/p3at_simulation/lib/python3.10/site-packages/p3at_simulation-0.0.0-py3.10.egg-info' (and everything under it)
Copying ../../build/p3at_simulation/p3at_simulation.egg-info to /home/robot/ros2_ws/install/p3at_simulation/lib/python3.10/site-packages/p3at_simulation-0.0.0-py3.10.egg-info
running install_scripts
writing list of installed files to '/home/robot/ros2_ws/build/p3at_simulation/install.log'
