[0.628s] Invoking command in '/home/robot/ros2_ws/build/my_py_pkg': PYTHONPATH=/home/robot/ros2_ws/build/my_py_pkg/prefix_override:/usr/lib/python3/dist-packages/colcon_core/task/python/colcon_distutils_commands:/home/robot/ros2_ws/install/my_py_pkg/lib/python3.10/site-packages:${PYTHONPATH} /usr/bin/python3 -W ignore:setup.py install is deprecated -W ignore:easy_install command is deprecated setup.py develop --editable --build-directory /home/robot/ros2_ws/build/my_py_pkg/build --no-deps symlink_data
[0.794s] running develop
[0.888s] running egg_info
[0.888s] writing my_py_pkg.egg-info/PKG-INFO
[0.889s] writing dependency_links to my_py_pkg.egg-info/dependency_links.txt
[0.889s] writing entry points to my_py_pkg.egg-info/entry_points.txt
[0.889s] writing requirements to my_py_pkg.egg-info/requires.txt
[0.889s] writing top-level names to my_py_pkg.egg-info/top_level.txt
[0.891s] reading manifest file 'my_py_pkg.egg-info/SOURCES.txt'
[0.891s] writing manifest file 'my_py_pkg.egg-info/SOURCES.txt'
[0.892s] running build_ext
[0.893s] Creating /home/robot/ros2_ws/install/my_py_pkg/lib/python3.10/site-packages/my-py-pkg.egg-link (link to .)
[0.893s] Installing controller2 script to /home/robot/ros2_ws/install/my_py_pkg/lib/my_py_pkg
[0.893s] Installing listener script to /home/robot/ros2_ws/install/my_py_pkg/lib/my_py_pkg
[0.893s] Installing talker script to /home/robot/ros2_ws/install/my_py_pkg/lib/my_py_pkg
[0.893s] Installing turtle_controller script to /home/robot/ros2_ws/install/my_py_pkg/lib/my_py_pkg
[0.893s] Installing turtle_pose_reader script to /home/robot/ros2_ws/install/my_py_pkg/lib/my_py_pkg
[0.893s] 
[0.894s] Installed /home/robot/ros2_ws/build/my_py_pkg
[0.894s] running symlink_data
[0.923s] Invoked command in '/home/robot/ros2_ws/build/my_py_pkg' returned '0': PYTHONPATH=/home/robot/ros2_ws/build/my_py_pkg/prefix_override:/usr/lib/python3/dist-packages/colcon_core/task/python/colcon_distutils_commands:/home/robot/ros2_ws/install/my_py_pkg/lib/python3.10/site-packages:${PYTHONPATH} /usr/bin/python3 -W ignore:setup.py install is deprecated -W ignore:easy_install command is deprecated setup.py develop --editable --build-directory /home/robot/ros2_ws/build/my_py_pkg/build --no-deps symlink_data
