running egg_info
writing ../../build/qlearn_diffdrive/qlearn_diffdrive.egg-info/PKG-INFO
writing dependency_links to ../../build/qlearn_diffdrive/qlearn_diffdrive.egg-info/dependency_links.txt
writing entry points to ../../build/qlearn_diffdrive/qlearn_diffdrive.egg-info/entry_points.txt
writing requirements to ../../build/qlearn_diffdrive/qlearn_diffdrive.egg-info/requires.txt
writing top-level names to ../../build/qlearn_diffdrive/qlearn_diffdrive.egg-info/top_level.txt
reading manifest file '../../build/qlearn_diffdrive/qlearn_diffdrive.egg-info/SOURCES.txt'
writing manifest file '../../build/qlearn_diffdrive/qlearn_diffdrive.egg-info/SOURCES.txt'
running build
running build_py
copying qlearn_diffdrive/qlearn_turtlesim_exec.py -> /home/robot/ros2_ws/build/qlearn_diffdrive/build/lib/qlearn_diffdrive
copying qlearn_diffdrive/qlearn_turtlesim.py -> /home/robot/ros2_ws/build/qlearn_diffdrive/build/lib/qlearn_diffdrive
running install
running install_lib
copying /home/robot/ros2_ws/build/qlearn_diffdrive/build/lib/qlearn_diffdrive/qlearn_turtlesim_exec.py -> /home/robot/ros2_ws/install/qlearn_diffdrive/lib/python3.10/site-packages/qlearn_diffdrive
copying /home/robot/ros2_ws/build/qlearn_diffdrive/build/lib/qlearn_diffdrive/qlearn_turtlesim.py -> /home/robot/ros2_ws/install/qlearn_diffdrive/lib/python3.10/site-packages/qlearn_diffdrive
byte-compiling /home/robot/ros2_ws/install/qlearn_diffdrive/lib/python3.10/site-packages/qlearn_diffdrive/qlearn_turtlesim_exec.py to qlearn_turtlesim_exec.cpython-310.pyc
byte-compiling /home/robot/ros2_ws/install/qlearn_diffdrive/lib/python3.10/site-packages/qlearn_diffdrive/qlearn_turtlesim.py to qlearn_turtlesim.cpython-310.pyc
running install_data
running install_egg_info
removing '/home/robot/ros2_ws/install/qlearn_diffdrive/lib/python3.10/site-packages/qlearn_diffdrive-0.0.0-py3.10.egg-info' (and everything under it)
Copying ../../build/qlearn_diffdrive/qlearn_diffdrive.egg-info to /home/robot/ros2_ws/install/qlearn_diffdrive/lib/python3.10/site-packages/qlearn_diffdrive-0.0.0-py3.10.egg-info
running install_scripts
Installing qlearn_exec script to /home/robot/ros2_ws/install/qlearn_diffdrive/lib/qlearn_diffdrive
Installing qlearn_turtlesim script to /home/robot/ros2_ws/install/qlearn_diffdrive/lib/qlearn_diffdrive
writing list of installed files to '/home/robot/ros2_ws/build/qlearn_diffdrive/install.log'
