[0.595s] Invoking command in '/home/robot/ros2_ws/src/qlearn_diffdrive': PYTHONPATH=/home/robot/ros2_ws/build/qlearn_diffdrive/prefix_override:/usr/lib/python3/dist-packages/colcon_core/task/python/colcon_distutils_commands:/home/robot/ros2_ws/install/qlearn_diffdrive/lib/python3.10/site-packages:${PYTHONPATH} /usr/bin/python3 -W ignore:setup.py install is deprecated -W ignore:easy_install command is deprecated setup.py egg_info --egg-base ../../build/qlearn_diffdrive build --build-base /home/robot/ros2_ws/build/qlearn_diffdrive/build install --record /home/robot/ros2_ws/build/qlearn_diffdrive/install.log --single-version-externally-managed install_data
[0.749s] running egg_info
[0.750s] writing ../../build/qlearn_diffdrive/qlearn_diffdrive.egg-info/PKG-INFO
[0.750s] writing dependency_links to ../../build/qlearn_diffdrive/qlearn_diffdrive.egg-info/dependency_links.txt
[0.750s] writing entry points to ../../build/qlearn_diffdrive/qlearn_diffdrive.egg-info/entry_points.txt
[0.750s] writing requirements to ../../build/qlearn_diffdrive/qlearn_diffdrive.egg-info/requires.txt
[0.750s] writing top-level names to ../../build/qlearn_diffdrive/qlearn_diffdrive.egg-info/top_level.txt
[0.751s] reading manifest file '../../build/qlearn_diffdrive/qlearn_diffdrive.egg-info/SOURCES.txt'
[0.752s] writing manifest file '../../build/qlearn_diffdrive/qlearn_diffdrive.egg-info/SOURCES.txt'
[0.752s] running build
[0.752s] running build_py
[0.752s] copying qlearn_diffdrive/qlearn_turtlesim_exec.py -> /home/robot/ros2_ws/build/qlearn_diffdrive/build/lib/qlearn_diffdrive
[0.752s] copying qlearn_diffdrive/qlearn_turtlesim.py -> /home/robot/ros2_ws/build/qlearn_diffdrive/build/lib/qlearn_diffdrive
[0.753s] running install
[0.753s] running install_lib
[0.753s] copying /home/robot/ros2_ws/build/qlearn_diffdrive/build/lib/qlearn_diffdrive/qlearn_turtlesim_exec.py -> /home/robot/ros2_ws/install/qlearn_diffdrive/lib/python3.10/site-packages/qlearn_diffdrive
[0.753s] copying /home/robot/ros2_ws/build/qlearn_diffdrive/build/lib/qlearn_diffdrive/qlearn_turtlesim.py -> /home/robot/ros2_ws/install/qlearn_diffdrive/lib/python3.10/site-packages/qlearn_diffdrive
[0.754s] byte-compiling /home/robot/ros2_ws/install/qlearn_diffdrive/lib/python3.10/site-packages/qlearn_diffdrive/qlearn_turtlesim_exec.py to qlearn_turtlesim_exec.cpython-310.pyc
[0.755s] byte-compiling /home/robot/ros2_ws/install/qlearn_diffdrive/lib/python3.10/site-packages/qlearn_diffdrive/qlearn_turtlesim.py to qlearn_turtlesim.cpython-310.pyc
[0.756s] running install_data
[0.756s] running install_egg_info
[0.757s] removing '/home/robot/ros2_ws/install/qlearn_diffdrive/lib/python3.10/site-packages/qlearn_diffdrive-0.0.0-py3.10.egg-info' (and everything under it)
[0.757s] Copying ../../build/qlearn_diffdrive/qlearn_diffdrive.egg-info to /home/robot/ros2_ws/install/qlearn_diffdrive/lib/python3.10/site-packages/qlearn_diffdrive-0.0.0-py3.10.egg-info
[0.758s] running install_scripts
[0.772s] Installing qlearn_exec script to /home/robot/ros2_ws/install/qlearn_diffdrive/lib/qlearn_diffdrive
[0.772s] Installing qlearn_turtlesim script to /home/robot/ros2_ws/install/qlearn_diffdrive/lib/qlearn_diffdrive
[0.772s] writing list of installed files to '/home/robot/ros2_ws/build/qlearn_diffdrive/install.log'
[0.791s] Invoked command in '/home/robot/ros2_ws/src/qlearn_diffdrive' returned '0': PYTHONPATH=/home/robot/ros2_ws/build/qlearn_diffdrive/prefix_override:/usr/lib/python3/dist-packages/colcon_core/task/python/colcon_distutils_commands:/home/robot/ros2_ws/install/qlearn_diffdrive/lib/python3.10/site-packages:${PYTHONPATH} /usr/bin/python3 -W ignore:setup.py install is deprecated -W ignore:easy_install command is deprecated setup.py egg_info --egg-base ../../build/qlearn_diffdrive build --build-base /home/robot/ros2_ws/build/qlearn_diffdrive/build install --record /home/robot/ros2_ws/build/qlearn_diffdrive/install.log --single-version-externally-managed install_data
