[0.593s] Invoking command in '/home/robot/ros2_ws/src/my_py_pkg': PYTHONPATH=/home/robot/ros2_ws/build/my_py_pkg/prefix_override:/usr/lib/python3/dist-packages/colcon_core/task/python/colcon_distutils_commands:/home/robot/ros2_ws/install/my_py_pkg/lib/python3.10/site-packages:${PYTHONPATH} /usr/bin/python3 -W ignore:setup.py install is deprecated -W ignore:easy_install command is deprecated setup.py egg_info --egg-base ../../build/my_py_pkg build --build-base /home/robot/ros2_ws/build/my_py_pkg/build install --record /home/robot/ros2_ws/build/my_py_pkg/install.log --single-version-externally-managed install_data
[0.739s] running egg_info
[0.740s] writing ../../build/my_py_pkg/my_py_pkg.egg-info/PKG-INFO
[0.740s] writing dependency_links to ../../build/my_py_pkg/my_py_pkg.egg-info/dependency_links.txt
[0.740s] writing entry points to ../../build/my_py_pkg/my_py_pkg.egg-info/entry_points.txt
[0.740s] writing requirements to ../../build/my_py_pkg/my_py_pkg.egg-info/requires.txt
[0.740s] writing top-level names to ../../build/my_py_pkg/my_py_pkg.egg-info/top_level.txt
[0.741s] reading manifest file '../../build/my_py_pkg/my_py_pkg.egg-info/SOURCES.txt'
[0.741s] writing manifest file '../../build/my_py_pkg/my_py_pkg.egg-info/SOURCES.txt'
[0.742s] running build
[0.742s] running build_py
[0.742s] running install
[0.743s] running install_lib
[0.745s] running install_data
[0.745s] running install_egg_info
[0.746s] removing '/home/robot/ros2_ws/install/my_py_pkg/lib/python3.10/site-packages/my_py_pkg-0.0.0-py3.10.egg-info' (and everything under it)
[0.746s] Copying ../../build/my_py_pkg/my_py_pkg.egg-info to /home/robot/ros2_ws/install/my_py_pkg/lib/python3.10/site-packages/my_py_pkg-0.0.0-py3.10.egg-info
[0.746s] running install_scripts
[0.760s] Installing controller2 script to /home/robot/ros2_ws/install/my_py_pkg/lib/my_py_pkg
[0.760s] Installing listener script to /home/robot/ros2_ws/install/my_py_pkg/lib/my_py_pkg
[0.760s] Installing talker script to /home/robot/ros2_ws/install/my_py_pkg/lib/my_py_pkg
[0.760s] Installing turtle_controller script to /home/robot/ros2_ws/install/my_py_pkg/lib/my_py_pkg
[0.760s] Installing turtle_pose_reader script to /home/robot/ros2_ws/install/my_py_pkg/lib/my_py_pkg
[0.760s] writing list of installed files to '/home/robot/ros2_ws/build/my_py_pkg/install.log'
[0.778s] Invoked command in '/home/robot/ros2_ws/src/my_py_pkg' returned '0': PYTHONPATH=/home/robot/ros2_ws/build/my_py_pkg/prefix_override:/usr/lib/python3/dist-packages/colcon_core/task/python/colcon_distutils_commands:/home/robot/ros2_ws/install/my_py_pkg/lib/python3.10/site-packages:${PYTHONPATH} /usr/bin/python3 -W ignore:setup.py install is deprecated -W ignore:easy_install command is deprecated setup.py egg_info --egg-base ../../build/my_py_pkg build --build-base /home/robot/ros2_ws/build/my_py_pkg/build install --record /home/robot/ros2_ws/build/my_py_pkg/install.log --single-version-externally-managed install_data
