[0.369s] DEBUG:colcon:Command line arguments: ['/usr/bin/colcon', 'build', '--packages-select', 'p3at_simulation']
[0.369s] DEBUG:colcon:Parsed command line arguments: Namespace(log_base=None, log_level=None, verb_name='build', build_base='build', install_base='install', merge_install=False, symlink_install=False, test_result_base=None, continue_on_error=False, executor='parallel', parallel_workers=4, event_handlers=None, ignore_user_meta=False, metas=['./colcon.meta'], base_paths=['.'], packages_ignore=None, packages_ignore_regex=None, paths=None, packages_up_to=None, packages_up_to_regex=None, packages_above=None, packages_above_and_dependencies=None, packages_above_depth=None, packages_select_by_dep=None, packages_skip_by_dep=None, packages_skip_up_to=None, packages_select_build_failed=False, packages_skip_build_finished=False, packages_select_test_failures=False, packages_skip_test_passed=False, packages_select=['p3at_simulation'], packages_skip=None, packages_select_regex=None, packages_skip_regex=None, packages_start=None, packages_end=None, allow_overriding=[], bazel_args=None, bazel_task=None, cmake_args=None, cmake_target=None, cmake_target_skip_unavailable=False, cmake_clean_cache=False, cmake_clean_first=False, cmake_force_configure=False, meson_args=[], ament_cmake_args=None, catkin_cmake_args=None, catkin_skip_building_tests=False, mixin_files=None, mixin=None, verb_parser=<colcon_alias.argument_parser.alias.AliasArgumentDecorator object at 0x76d51f888af0>, verb_extension=<colcon_core.verb.build.BuildVerb object at 0x76d51f80fd30>, main=<bound method BuildVerb.main of <colcon_core.verb.build.BuildVerb object at 0x76d51f80fd30>>, mixin_verb=('build',))
[0.476s] Level 1:colcon.colcon_core.package_discovery:discover_packages(colcon_meta) check parameters
[0.476s] Level 1:colcon.colcon_core.package_discovery:discover_packages(recursive) check parameters
[0.476s] Level 1:colcon.colcon_core.package_discovery:discover_packages(ignore) check parameters
[0.476s] Level 1:colcon.colcon_core.package_discovery:discover_packages(path) check parameters
[0.476s] Level 1:colcon.colcon_core.package_discovery:discover_packages(colcon_meta) discover
[0.476s] Level 1:colcon.colcon_core.package_discovery:discover_packages(recursive) discover
[0.476s] INFO:colcon.colcon_core.package_discovery:Crawling recursively for packages in '/home/edson/ros2_ws/src/p3at_simulation'
[0.476s] Level 1:colcon.colcon_core.package_identification:_identify(.) by extensions ['ignore', 'ignore_ament_install']
[0.476s] Level 1:colcon.colcon_core.package_identification:_identify(.) by extension 'ignore'
[0.476s] Level 1:colcon.colcon_core.package_identification:_identify(.) by extension 'ignore_ament_install'
[0.476s] Level 1:colcon.colcon_core.package_identification:_identify(.) by extensions ['colcon_pkg']
[0.476s] Level 1:colcon.colcon_core.package_identification:_identify(.) by extension 'colcon_pkg'
[0.476s] Level 1:colcon.colcon_core.package_identification:_identify(.) by extensions ['colcon_meta']
[0.476s] Level 1:colcon.colcon_core.package_identification:_identify(.) by extension 'colcon_meta'
[0.476s] Level 1:colcon.colcon_core.package_identification:_identify(.) by extensions ['ros']
[0.476s] Level 1:colcon.colcon_core.package_identification:_identify(.) by extension 'ros'
[0.479s] DEBUG:colcon.colcon_core.package_identification:Package '.' with type 'ros.ament_python' and name 'p3at_simulation'
[0.479s] Level 1:colcon.colcon_core.package_discovery:discover_packages(recursive) using defaults
[0.479s] Level 1:colcon.colcon_core.package_discovery:discover_packages(ignore) discover
[0.479s] Level 1:colcon.colcon_core.package_discovery:discover_packages(ignore) using defaults
[0.479s] Level 1:colcon.colcon_core.package_discovery:discover_packages(path) discover
[0.479s] Level 1:colcon.colcon_core.package_discovery:discover_packages(path) using defaults
[0.490s] Level 1:colcon.colcon_core.package_discovery:discover_packages(prefix_path) check parameters
[0.490s] Level 1:colcon.colcon_core.package_discovery:discover_packages(prefix_path) discover
[0.491s] DEBUG:colcon.colcon_installed_package_information.package_discovery:Found 1 installed packages in /home/edson/ros2_ws/install
[0.491s] DEBUG:colcon.colcon_installed_package_information.package_discovery:Found 2 installed packages in /home/edson/install
[0.492s] DEBUG:colcon.colcon_installed_package_information.package_discovery:Found 287 installed packages in /opt/ros/humble
[0.493s] Level 1:colcon.colcon_core.package_discovery:discover_packages(prefix_path) using defaults
[0.522s] Level 5:colcon.colcon_core.verb:set package 'p3at_simulation' build argument 'bazel_args' from command line to 'None'
[0.522s] Level 5:colcon.colcon_core.verb:set package 'p3at_simulation' build argument 'bazel_task' from command line to 'None'
[0.522s] Level 5:colcon.colcon_core.verb:set package 'p3at_simulation' build argument 'cmake_args' from command line to 'None'
[0.522s] Level 5:colcon.colcon_core.verb:set package 'p3at_simulation' build argument 'cmake_target' from command line to 'None'
[0.522s] Level 5:colcon.colcon_core.verb:set package 'p3at_simulation' build argument 'cmake_target_skip_unavailable' from command line to 'False'
[0.522s] Level 5:colcon.colcon_core.verb:set package 'p3at_simulation' build argument 'cmake_clean_cache' from command line to 'False'
[0.522s] Level 5:colcon.colcon_core.verb:set package 'p3at_simulation' build argument 'cmake_clean_first' from command line to 'False'
[0.522s] Level 5:colcon.colcon_core.verb:set package 'p3at_simulation' build argument 'cmake_force_configure' from command line to 'False'
[0.522s] Level 5:colcon.colcon_core.verb:set package 'p3at_simulation' build argument 'meson_args' from command line to '[]'
[0.522s] Level 5:colcon.colcon_core.verb:set package 'p3at_simulation' build argument 'ament_cmake_args' from command line to 'None'
[0.522s] Level 5:colcon.colcon_core.verb:set package 'p3at_simulation' build argument 'catkin_cmake_args' from command line to 'None'
[0.522s] Level 5:colcon.colcon_core.verb:set package 'p3at_simulation' build argument 'catkin_skip_building_tests' from command line to 'False'
[0.522s] DEBUG:colcon.colcon_core.verb:Building package 'p3at_simulation' with the following arguments: {'ament_cmake_args': None, 'bazel_args': None, 'bazel_task': None, 'build_base': '/home/edson/ros2_ws/src/p3at_simulation/build/p3at_simulation', 'catkin_cmake_args': None, 'catkin_skip_building_tests': False, 'cmake_args': None, 'cmake_clean_cache': False, 'cmake_clean_first': False, 'cmake_force_configure': False, 'cmake_target': None, 'cmake_target_skip_unavailable': False, 'install_base': '/home/edson/ros2_ws/src/p3at_simulation/install/p3at_simulation', 'merge_install': False, 'meson_args': [], 'path': '/home/edson/ros2_ws/src/p3at_simulation', 'symlink_install': False, 'test_result_base': None}
[0.522s] INFO:colcon.colcon_core.executor:Executing jobs using 'parallel' executor
[0.523s] DEBUG:colcon.colcon_parallel_executor.executor.parallel:run_until_complete
[0.523s] INFO:colcon.colcon_ros.task.ament_python.build:Building ROS package in '/home/edson/ros2_ws/src/p3at_simulation' with build type 'ament_python'
[0.523s] Level 1:colcon.colcon_core.shell:create_environment_hook('p3at_simulation', 'ament_prefix_path')
[0.525s] INFO:colcon.colcon_core.plugin_system:Skipping extension 'colcon_core.shell.bat': Not used on non-Windows systems
[0.525s] INFO:colcon.colcon_core.shell:Creating environment hook '/home/edson/ros2_ws/src/p3at_simulation/install/p3at_simulation/share/p3at_simulation/hook/ament_prefix_path.ps1'
[0.526s] INFO:colcon.colcon_core.shell:Creating environment descriptor '/home/edson/ros2_ws/src/p3at_simulation/install/p3at_simulation/share/p3at_simulation/hook/ament_prefix_path.dsv'
[0.527s] INFO:colcon.colcon_core.shell:Creating environment hook '/home/edson/ros2_ws/src/p3at_simulation/install/p3at_simulation/share/p3at_simulation/hook/ament_prefix_path.sh'
[0.527s] DEBUG:colcon.colcon_ros_domain_id_coordinator.shell.ros_domain_id:Allocated ROS_DOMAIN_ID=5 for '/home/edson/ros2_ws/src/p3at_simulation/build/p3at_simulation'
[0.527s] INFO:colcon.colcon_core.shell:Skip shell extension 'ros_domain_id' for command environment: 
[0.527s] INFO:colcon.colcon_core.shell:Skip shell extension 'powershell' for command environment: Not usable outside of PowerShell
[0.527s] DEBUG:colcon.colcon_core.shell:Skip shell extension 'dsv' for command environment
[0.684s] INFO:colcon.colcon_core.task.python.build:Building Python package in '/home/edson/ros2_ws/src/p3at_simulation'
[0.685s] DEBUG:colcon.colcon_ros_domain_id_coordinator.shell.ros_domain_id:Allocated ROS_DOMAIN_ID=5 for '/home/edson/ros2_ws/src/p3at_simulation/build/p3at_simulation'
[0.685s] INFO:colcon.colcon_core.shell:Skip shell extension 'ros_domain_id' for command environment: 
[0.685s] INFO:colcon.colcon_core.shell:Skip shell extension 'powershell' for command environment: Not usable outside of PowerShell
[0.685s] DEBUG:colcon.colcon_core.shell:Skip shell extension 'dsv' for command environment
[0.906s] DEBUG:colcon.colcon_core.event_handler.log_command:Invoking command in '/home/edson/ros2_ws/src/p3at_simulation': PYTHONPATH=/home/edson/ros2_ws/src/p3at_simulation/build/p3at_simulation/prefix_override:/usr/lib/python3/dist-packages/colcon_core/task/python/colcon_distutils_commands:/home/edson/ros2_ws/src/p3at_simulation/install/p3at_simulation/lib/python3.10/site-packages:${PYTHONPATH} /usr/bin/python3 -W ignore:setup.py install is deprecated -W ignore:easy_install command is deprecated setup.py egg_info --egg-base build/p3at_simulation build --build-base /home/edson/ros2_ws/src/p3at_simulation/build/p3at_simulation/build install --record /home/edson/ros2_ws/src/p3at_simulation/build/p3at_simulation/install.log --single-version-externally-managed install_data
[3.786s] DEBUG:colcon.colcon_core.event_handler.log_command:Invoked command in '/home/edson/ros2_ws/src/p3at_simulation' returned '0': PYTHONPATH=/home/edson/ros2_ws/src/p3at_simulation/build/p3at_simulation/prefix_override:/usr/lib/python3/dist-packages/colcon_core/task/python/colcon_distutils_commands:/home/edson/ros2_ws/src/p3at_simulation/install/p3at_simulation/lib/python3.10/site-packages:${PYTHONPATH} /usr/bin/python3 -W ignore:setup.py install is deprecated -W ignore:easy_install command is deprecated setup.py egg_info --egg-base build/p3at_simulation build --build-base /home/edson/ros2_ws/src/p3at_simulation/build/p3at_simulation/build install --record /home/edson/ros2_ws/src/p3at_simulation/build/p3at_simulation/install.log --single-version-externally-managed install_data
[3.788s] Level 1:colcon.colcon_core.environment:checking '/home/edson/ros2_ws/src/p3at_simulation/install/p3at_simulation' for CMake module files
[3.788s] Level 1:colcon.colcon_core.environment:checking '/home/edson/ros2_ws/src/p3at_simulation/install/p3at_simulation' for CMake config files
[3.788s] Level 1:colcon.colcon_core.environment:checking '/home/edson/ros2_ws/src/p3at_simulation/install/p3at_simulation/lib'
[3.788s] Level 1:colcon.colcon_core.environment:checking '/home/edson/ros2_ws/src/p3at_simulation/install/p3at_simulation/bin'
[3.789s] Level 1:colcon.colcon_core.environment:checking '/home/edson/ros2_ws/src/p3at_simulation/install/p3at_simulation/lib/pkgconfig/p3at_simulation.pc'
[3.789s] Level 1:colcon.colcon_core.environment:checking '/home/edson/ros2_ws/src/p3at_simulation/install/p3at_simulation/lib/python3.10/site-packages'
[3.789s] Level 1:colcon.colcon_core.shell:create_environment_hook('p3at_simulation', 'pythonpath')
[3.789s] INFO:colcon.colcon_core.shell:Creating environment hook '/home/edson/ros2_ws/src/p3at_simulation/install/p3at_simulation/share/p3at_simulation/hook/pythonpath.ps1'
[3.789s] INFO:colcon.colcon_core.shell:Creating environment descriptor '/home/edson/ros2_ws/src/p3at_simulation/install/p3at_simulation/share/p3at_simulation/hook/pythonpath.dsv'
[3.789s] INFO:colcon.colcon_core.shell:Creating environment hook '/home/edson/ros2_ws/src/p3at_simulation/install/p3at_simulation/share/p3at_simulation/hook/pythonpath.sh'
[3.790s] Level 1:colcon.colcon_core.environment:checking '/home/edson/ros2_ws/src/p3at_simulation/install/p3at_simulation/bin'
[3.790s] Level 1:colcon.colcon_core.environment:create_environment_scripts_only(p3at_simulation)
[3.790s] INFO:colcon.colcon_core.shell:Creating package script '/home/edson/ros2_ws/src/p3at_simulation/install/p3at_simulation/share/p3at_simulation/package.ps1'
[3.790s] INFO:colcon.colcon_core.shell:Creating package descriptor '/home/edson/ros2_ws/src/p3at_simulation/install/p3at_simulation/share/p3at_simulation/package.dsv'
[3.791s] INFO:colcon.colcon_core.shell:Creating package script '/home/edson/ros2_ws/src/p3at_simulation/install/p3at_simulation/share/p3at_simulation/package.sh'
[3.791s] INFO:colcon.colcon_core.shell:Creating package script '/home/edson/ros2_ws/src/p3at_simulation/install/p3at_simulation/share/p3at_simulation/package.bash'
[3.791s] INFO:colcon.colcon_core.shell:Creating package script '/home/edson/ros2_ws/src/p3at_simulation/install/p3at_simulation/share/p3at_simulation/package.zsh'
[3.792s] Level 1:colcon.colcon_core.environment:create_file_with_runtime_dependencies(/home/edson/ros2_ws/src/p3at_simulation/install/p3at_simulation/share/colcon-core/packages/p3at_simulation)
[3.792s] DEBUG:colcon.colcon_parallel_executor.executor.parallel:closing loop
[3.792s] DEBUG:colcon.colcon_ros_domain_id_coordinator.shell.ros_domain_id:Released ROS_DOMAIN_ID=5 for '/home/edson/ros2_ws/src/p3at_simulation/build/p3at_simulation'
[3.793s] DEBUG:colcon.colcon_parallel_executor.executor.parallel:loop closed
[3.793s] DEBUG:colcon.colcon_parallel_executor.executor.parallel:run_until_complete finished with '0'
[3.793s] DEBUG:colcon.colcon_core.event_reactor:joining thread
[3.836s] INFO:colcon.colcon_core.plugin_system:Skipping extension 'colcon_notification.desktop_notification.notify_send': Could not find 'notify-send'
[3.836s] INFO:colcon.colcon_core.plugin_system:Skipping extension 'colcon_notification.desktop_notification.terminal_notifier': Not used on non-Darwin systems
[3.836s] INFO:colcon.colcon_core.plugin_system:Skipping extension 'colcon_notification.desktop_notification.win32': Not used on non-Windows systems
[3.836s] INFO:colcon.colcon_notification.desktop_notification:Sending desktop notification using 'notify2'
[3.837s] DEBUG:colcon.colcon_notification.desktop_notification.notify2:Failed to initialize notify2: org.freedesktop.DBus.Error.ServiceUnknown: The name org.freedesktop.Notifications was not provided by any .service files
[3.837s] DEBUG:colcon.colcon_core.event_reactor:joined thread
[3.838s] INFO:colcon.colcon_core.shell:Creating prefix script '/home/edson/ros2_ws/src/p3at_simulation/install/local_setup.ps1'
[3.838s] INFO:colcon.colcon_core.shell:Creating prefix util module '/home/edson/ros2_ws/src/p3at_simulation/install/_local_setup_util_ps1.py'
[3.839s] INFO:colcon.colcon_core.shell:Creating prefix chain script '/home/edson/ros2_ws/src/p3at_simulation/install/setup.ps1'
[3.840s] INFO:colcon.colcon_core.shell:Creating prefix script '/home/edson/ros2_ws/src/p3at_simulation/install/local_setup.sh'
[3.840s] INFO:colcon.colcon_core.shell:Creating prefix util module '/home/edson/ros2_ws/src/p3at_simulation/install/_local_setup_util_sh.py'
[3.840s] INFO:colcon.colcon_core.shell:Creating prefix chain script '/home/edson/ros2_ws/src/p3at_simulation/install/setup.sh'
[3.841s] INFO:colcon.colcon_core.shell:Creating prefix script '/home/edson/ros2_ws/src/p3at_simulation/install/local_setup.bash'
[3.841s] INFO:colcon.colcon_core.shell:Creating prefix chain script '/home/edson/ros2_ws/src/p3at_simulation/install/setup.bash'
[3.842s] INFO:colcon.colcon_core.shell:Creating prefix script '/home/edson/ros2_ws/src/p3at_simulation/install/local_setup.zsh'
[3.842s] INFO:colcon.colcon_core.shell:Creating prefix chain script '/home/edson/ros2_ws/src/p3at_simulation/install/setup.zsh'
[3.842s] INFO:colcon.colcon_core.shell:Creating '/home/edson/ros2_ws/src/p3at_simulation/install/spawn_shell.bash'
