[0.437s] Invoking command in '/home/robot/ros2_ws/build/p3at_simulation': PYTHONPATH=/home/robot/ros2_ws/build/p3at_simulation/prefix_override:/usr/lib/python3/dist-packages/colcon_core/task/python/colcon_distutils_commands:/home/robot/ros2_ws/install/p3at_simulation/lib/python3.10/site-packages:${PYTHONPATH} /usr/bin/python3 -W ignore:setup.py install is deprecated -W ignore:easy_install command is deprecated setup.py develop --uninstall --editable --build-directory /home/robot/ros2_ws/build/p3at_simulation/build
[0.607s] running develop
[0.703s] Removing /home/robot/ros2_ws/install/p3at_simulation/lib/python3.10/site-packages/p3at-simulation.egg-link (link to .)
[0.720s] Invoked command in '/home/robot/ros2_ws/build/p3at_simulation' returned '0': PYTHONPATH=/home/robot/ros2_ws/build/p3at_simulation/prefix_override:/usr/lib/python3/dist-packages/colcon_core/task/python/colcon_distutils_commands:/home/robot/ros2_ws/install/p3at_simulation/lib/python3.10/site-packages:${PYTHONPATH} /usr/bin/python3 -W ignore:setup.py install is deprecated -W ignore:easy_install command is deprecated setup.py develop --uninstall --editable --build-directory /home/robot/ros2_ws/build/p3at_simulation/build
[0.722s] Invoking command in '/home/robot/ros2_ws/src/p3at_simulation': PYTHONPATH=/home/robot/ros2_ws/build/p3at_simulation/prefix_override:/usr/lib/python3/dist-packages/colcon_core/task/python/colcon_distutils_commands:/home/robot/ros2_ws/install/p3at_simulation/lib/python3.10/site-packages:${PYTHONPATH} /usr/bin/python3 -W ignore:setup.py install is deprecated -W ignore:easy_install command is deprecated setup.py egg_info --egg-base ../../build/p3at_simulation build --build-base /home/robot/ros2_ws/build/p3at_simulation/build install --record /home/robot/ros2_ws/build/p3at_simulation/install.log --single-version-externally-managed install_data --force
[0.873s] running egg_info
[0.873s] writing ../../build/p3at_simulation/p3at_simulation.egg-info/PKG-INFO
[0.874s] writing dependency_links to ../../build/p3at_simulation/p3at_simulation.egg-info/dependency_links.txt
[0.874s] writing entry points to ../../build/p3at_simulation/p3at_simulation.egg-info/entry_points.txt
[0.874s] writing requirements to ../../build/p3at_simulation/p3at_simulation.egg-info/requires.txt
[0.874s] writing top-level names to ../../build/p3at_simulation/p3at_simulation.egg-info/top_level.txt
[0.880s] reading manifest file '../../build/p3at_simulation/p3at_simulation.egg-info/SOURCES.txt'
[0.881s] writing manifest file '../../build/p3at_simulation/p3at_simulation.egg-info/SOURCES.txt'
[0.881s] running build
[0.881s] running build_py
[0.882s] running install
[0.882s] running install_lib
[0.883s] copying /home/robot/ros2_ws/build/p3at_simulation/build/lib/p3at_simulation/__init__.py -> /home/robot/ros2_ws/install/p3at_simulation/lib/python3.10/site-packages/p3at_simulation
[0.883s] copying /home/robot/ros2_ws/build/p3at_simulation/build/lib/p3at_simulation/p3at_controller.py -> /home/robot/ros2_ws/install/p3at_simulation/lib/python3.10/site-packages/p3at_simulation
[0.883s] byte-compiling /home/robot/ros2_ws/install/p3at_simulation/lib/python3.10/site-packages/p3at_simulation/__init__.py to __init__.cpython-310.pyc
[0.883s] byte-compiling /home/robot/ros2_ws/install/p3at_simulation/lib/python3.10/site-packages/p3at_simulation/p3at_controller.py to p3at_controller.cpython-310.pyc
[0.884s] running install_data
[0.884s] copying resource/p3at_simulation -> /home/robot/ros2_ws/install/p3at_simulation/share/ament_index/resource_index/packages
[0.884s] copying package.xml -> /home/robot/ros2_ws/install/p3at_simulation/share/p3at_simulation
[0.884s] copying launch/p3at_gazebo.launch.py -> /home/robot/ros2_ws/install/p3at_simulation/share/p3at_simulation/launch
[0.885s] copying launch/p3at_circle.launch.py -> /home/robot/ros2_ws/install/p3at_simulation/share/p3at_simulation/launch
[0.885s] copying urdf/p3at.txt -> /home/robot/ros2_ws/install/p3at_simulation/share/p3at_simulation/urdf
[0.886s] copying urdf/p3at.xacro -> /home/robot/ros2_ws/install/p3at_simulation/share/p3at_simulation/urdf
[0.886s] copying urdf/actor.xacro -> /home/robot/ros2_ws/install/p3at_simulation/share/p3at_simulation/urdf
[0.886s] copying urdf/robot.sdf -> /home/robot/ros2_ws/install/p3at_simulation/share/p3at_simulation/urdf
[0.886s] copying urdf/p3at (cópia).xacro -> /home/robot/ros2_ws/install/p3at_simulation/share/p3at_simulation/urdf
[0.886s] copying urdf/materials.xacro -> /home/robot/ros2_ws/install/p3at_simulation/share/p3at_simulation/urdf
[0.886s] copying urdf/pioneer3at.urdf -> /home/robot/ros2_ws/install/p3at_simulation/share/p3at_simulation/urdf
[0.887s] copying urdf/p3at.gazebo -> /home/robot/ros2_ws/install/p3at_simulation/share/p3at_simulation/urdf
[0.887s] copying meshes/base_laser.dae -> /home/robot/ros2_ws/install/p3at_simulation/share/p3at_simulation/meshes
[0.887s] copying meshes/pan_cam.dae -> /home/robot/ros2_ws/install/p3at_simulation/share/p3at_simulation/meshes
[0.888s] copying meshes/base_cam.dae -> /home/robot/ros2_ws/install/p3at_simulation/share/p3at_simulation/meshes
[0.889s] copying meshes/tilt_cam.dae -> /home/robot/ros2_ws/install/p3at_simulation/share/p3at_simulation/meshes
[0.889s] copying meshes/hokuyo.dae -> /home/robot/ros2_ws/install/p3at_simulation/share/p3at_simulation/meshes
[0.890s] copying meshes/p3dx_meshes/caster_wheel.stl -> /home/robot/ros2_ws/install/p3at_simulation/share/p3at_simulation/meshes/p3dx_meshes
[0.890s] copying meshes/p3dx_meshes/caster_hubcap.stl -> /home/robot/ros2_ws/install/p3at_simulation/share/p3at_simulation/meshes/p3dx_meshes
[0.890s] copying meshes/p3dx_meshes/caster_swivel.stl -> /home/robot/ros2_ws/install/p3at_simulation/share/p3at_simulation/meshes/p3dx_meshes
[0.891s] copying meshes/p3dx_meshes/top.stl -> /home/robot/ros2_ws/install/p3at_simulation/share/p3at_simulation/meshes/p3dx_meshes
[0.891s] copying meshes/p3dx_meshes/left_hubcap.stl -> /home/robot/ros2_ws/install/p3at_simulation/share/p3at_simulation/meshes/p3dx_meshes
[0.891s] copying meshes/p3dx_meshes/right_wheel.stl -> /home/robot/ros2_ws/install/p3at_simulation/share/p3at_simulation/meshes/p3dx_meshes
[0.891s] copying meshes/p3dx_meshes/front_rim.stl -> /home/robot/ros2_ws/install/p3at_simulation/share/p3at_simulation/meshes/p3dx_meshes
[0.892s] copying meshes/p3dx_meshes/right_hubcap.stl -> /home/robot/ros2_ws/install/p3at_simulation/share/p3at_simulation/meshes/p3dx_meshes
[0.893s] copying meshes/p3dx_meshes/left_wheel.stl -> /home/robot/ros2_ws/install/p3at_simulation/share/p3at_simulation/meshes/p3dx_meshes
[0.893s] copying meshes/p3dx_meshes/back_rim.stl -> /home/robot/ros2_ws/install/p3at_simulation/share/p3at_simulation/meshes/p3dx_meshes
[0.894s] copying meshes/p3dx_meshes/chassis.stl -> /home/robot/ros2_ws/install/p3at_simulation/share/p3at_simulation/meshes/p3dx_meshes
[0.894s] copying meshes/p3dx_meshes/front_sonar.stl -> /home/robot/ros2_ws/install/p3at_simulation/share/p3at_simulation/meshes/p3dx_meshes
[0.894s] copying meshes/p3dx_meshes/back_sonar.stl -> /home/robot/ros2_ws/install/p3at_simulation/share/p3at_simulation/meshes/p3dx_meshes
[0.895s] copying meshes/pioneer-lx/pioneer-lx-plinth.blend -> /home/robot/ros2_ws/install/p3at_simulation/share/p3at_simulation/meshes/pioneer-lx
[0.895s] copying meshes/pioneer-lx/pioneer-lx-plinth.stl -> /home/robot/ros2_ws/install/p3at_simulation/share/p3at_simulation/meshes/pioneer-lx
[0.896s] copying meshes/pioneer-lx/pioneer-lx_hull.dae -> /home/robot/ros2_ws/install/p3at_simulation/share/p3at_simulation/meshes/pioneer-lx
[0.896s] copying meshes/pioneer-lx/pioneer-lx_visual.dae -> /home/robot/ros2_ws/install/p3at_simulation/share/p3at_simulation/meshes/pioneer-lx
[0.916s] copying meshes/pioneer-lx/pioneer-lx_visual.stl -> /home/robot/ros2_ws/install/p3at_simulation/share/p3at_simulation/meshes/pioneer-lx
[0.928s] copying meshes/pioneer-lx/pioneer-lx.blend -> /home/robot/ros2_ws/install/p3at_simulation/share/p3at_simulation/meshes/pioneer-lx
[0.943s] copying meshes/pioneer-lx/pioneer-lx_hull.blend -> /home/robot/ros2_ws/install/p3at_simulation/share/p3at_simulation/meshes/pioneer-lx
[0.945s] copying meshes/pioneer-lx/pioneer-lx_hull.stl -> /home/robot/ros2_ws/install/p3at_simulation/share/p3at_simulation/meshes/pioneer-lx
[0.945s] copying meshes/pioneer-lx/pioneer-lx-plinth.dae -> /home/robot/ros2_ws/install/p3at_simulation/share/p3at_simulation/meshes/pioneer-lx
[0.945s] copying meshes/p3at_meshes/wheel.stl -> /home/robot/ros2_ws/install/p3at_simulation/share/p3at_simulation/meshes/p3at_meshes
[0.946s] copying meshes/p3at_meshes/top.stl -> /home/robot/ros2_ws/install/p3at_simulation/share/p3at_simulation/meshes/p3at_meshes
[0.946s] copying meshes/p3at_meshes/left_hubcap.stl -> /home/robot/ros2_ws/install/p3at_simulation/share/p3at_simulation/meshes/p3at_meshes
[0.946s] copying meshes/p3at_meshes/axle.stl -> /home/robot/ros2_ws/install/p3at_simulation/share/p3at_simulation/meshes/p3at_meshes
[0.947s] copying meshes/p3at_meshes/right_hubcap.stl -> /home/robot/ros2_ws/install/p3at_simulation/share/p3at_simulation/meshes/p3at_meshes
[0.947s] copying meshes/p3at_meshes/Coordinates -> /home/robot/ros2_ws/install/p3at_simulation/share/p3at_simulation/meshes/p3at_meshes
[0.947s] copying meshes/p3at_meshes/chassis.stl -> /home/robot/ros2_ws/install/p3at_simulation/share/p3at_simulation/meshes/p3at_meshes
[0.948s] copying meshes/p3at_meshes/front_sonar.stl -> /home/robot/ros2_ws/install/p3at_simulation/share/p3at_simulation/meshes/p3at_meshes
[0.948s] copying meshes/p3at_meshes/back_sonar.stl -> /home/robot/ros2_ws/install/p3at_simulation/share/p3at_simulation/meshes/p3at_meshes
[0.948s] running install_egg_info
[0.951s] Copying ../../build/p3at_simulation/p3at_simulation.egg-info to /home/robot/ros2_ws/install/p3at_simulation/lib/python3.10/site-packages/p3at_simulation-0.0.0-py3.10.egg-info
[0.952s] running install_scripts
[0.968s] Installing p3at_controller script to /home/robot/ros2_ws/install/p3at_simulation/lib/p3at_simulation
[0.968s] writing list of installed files to '/home/robot/ros2_ws/build/p3at_simulation/install.log'
[0.983s] Invoked command in '/home/robot/ros2_ws/src/p3at_simulation' returned '0': PYTHONPATH=/home/robot/ros2_ws/build/p3at_simulation/prefix_override:/usr/lib/python3/dist-packages/colcon_core/task/python/colcon_distutils_commands:/home/robot/ros2_ws/install/p3at_simulation/lib/python3.10/site-packages:${PYTHONPATH} /usr/bin/python3 -W ignore:setup.py install is deprecated -W ignore:easy_install command is deprecated setup.py egg_info --egg-base ../../build/p3at_simulation build --build-base /home/robot/ros2_ws/build/p3at_simulation/build install --record /home/robot/ros2_ws/build/p3at_simulation/install.log --single-version-externally-managed install_data --force
