/home/edson/ros2_ws/src/p3at_simulation/install/p3at_simulation/lib/python3.12/site-packages/p3at_simulation/__init__.py
/home/edson/ros2_ws/src/p3at_simulation/install/p3at_simulation/lib/python3.12/site-packages/p3at_simulation/__pycache__/__init__.cpython-312.pyc
/home/edson/ros2_ws/src/p3at_simulation/install/p3at_simulation/share/ament_index/resource_index/packages/p3at_simulation
/home/edson/ros2_ws/src/p3at_simulation/install/p3at_simulation/share/p3at_simulation/package.xml
/home/edson/ros2_ws/src/p3at_simulation/install/p3at_simulation/share/p3at_simulation/launch/p3at_gazebo.launch.py
/home/edson/ros2_ws/src/p3at_simulation/install/p3at_simulation/share/p3at_simulation/urdf/p3at (cópia).xacro
/home/edson/ros2_ws/src/p3at_simulation/install/p3at_simulation/share/p3at_simulation/urdf/p3at.txt
/home/edson/ros2_ws/src/p3at_simulation/install/p3at_simulation/share/p3at_simulation/urdf/robot.sdf
/home/edson/ros2_ws/src/p3at_simulation/install/p3at_simulation/share/p3at_simulation/urdf/pioneer3at.urdf
/home/edson/ros2_ws/src/p3at_simulation/install/p3at_simulation/share/p3at_simulation/urdf/actor.xacro
/home/edson/ros2_ws/src/p3at_simulation/install/p3at_simulation/share/p3at_simulation/urdf/p3at.xacro
/home/edson/ros2_ws/src/p3at_simulation/install/p3at_simulation/share/p3at_simulation/urdf/materials.xacro
/home/edson/ros2_ws/src/p3at_simulation/install/p3at_simulation/share/p3at_simulation/urdf/p3at.gazebo
/home/edson/ros2_ws/src/p3at_simulation/install/p3at_simulation/share/p3at_simulation/worlds
/home/edson/ros2_ws/src/p3at_simulation/install/p3at_simulation/share/p3at_simulation/meshes/hokuyo.dae
/home/edson/ros2_ws/src/p3at_simulation/install/p3at_simulation/share/p3at_simulation/meshes/tilt_cam.dae
/home/edson/ros2_ws/src/p3at_simulation/install/p3at_simulation/share/p3at_simulation/meshes/pan_cam.dae
/home/edson/ros2_ws/src/p3at_simulation/install/p3at_simulation/share/p3at_simulation/meshes/base_cam.dae
/home/edson/ros2_ws/src/p3at_simulation/install/p3at_simulation/share/p3at_simulation/meshes/base_laser.dae
/home/edson/ros2_ws/src/p3at_simulation/install/p3at_simulation/share/p3at_simulation/meshes/p3at_meshes/front_sonar.stl
/home/edson/ros2_ws/src/p3at_simulation/install/p3at_simulation/share/p3at_simulation/meshes/p3at_meshes/chassis.stl
/home/edson/ros2_ws/src/p3at_simulation/install/p3at_simulation/share/p3at_simulation/meshes/p3at_meshes/back_sonar.stl
/home/edson/ros2_ws/src/p3at_simulation/install/p3at_simulation/share/p3at_simulation/meshes/p3at_meshes/right_hubcap.stl
/home/edson/ros2_ws/src/p3at_simulation/install/p3at_simulation/share/p3at_simulation/meshes/p3at_meshes/axle.stl
/home/edson/ros2_ws/src/p3at_simulation/install/p3at_simulation/share/p3at_simulation/meshes/p3at_meshes/Coordinates
/home/edson/ros2_ws/src/p3at_simulation/install/p3at_simulation/share/p3at_simulation/meshes/p3at_meshes/top.stl
/home/edson/ros2_ws/src/p3at_simulation/install/p3at_simulation/share/p3at_simulation/meshes/p3at_meshes/left_hubcap.stl
/home/edson/ros2_ws/src/p3at_simulation/install/p3at_simulation/share/p3at_simulation/meshes/p3at_meshes/wheel.stl
/home/edson/ros2_ws/src/p3at_simulation/install/p3at_simulation/lib/python3.12/site-packages/p3at_simulation-0.0.0-py3.12.egg-info/requires.txt
/home/edson/ros2_ws/src/p3at_simulation/install/p3at_simulation/lib/python3.12/site-packages/p3at_simulation-0.0.0-py3.12.egg-info/zip-safe
/home/edson/ros2_ws/src/p3at_simulation/install/p3at_simulation/lib/python3.12/site-packages/p3at_simulation-0.0.0-py3.12.egg-info/dependency_links.txt
/home/edson/ros2_ws/src/p3at_simulation/install/p3at_simulation/lib/python3.12/site-packages/p3at_simulation-0.0.0-py3.12.egg-info/top_level.txt
/home/edson/ros2_ws/src/p3at_simulation/install/p3at_simulation/lib/python3.12/site-packages/p3at_simulation-0.0.0-py3.12.egg-info/PKG-INFO
/home/edson/ros2_ws/src/p3at_simulation/install/p3at_simulation/lib/python3.12/site-packages/p3at_simulation-0.0.0-py3.12.egg-info/SOURCES.txt
