[1.048s] Invoking command in '/home/robot/ros2_ws/build/my_py_pkg': PYTHONPATH=/home/robot/ros2_ws/build/my_py_pkg/prefix_override:/usr/lib/python3/dist-packages/colcon_core/task/python/colcon_distutils_commands:/home/robot/ros2_ws/install/my_py_pkg/lib/python3.10/site-packages:${PYTHONPATH} /usr/bin/python3 -W ignore:setup.py install is deprecated -W ignore:easy_install command is deprecated setup.py develop --editable --build-directory /home/robot/ros2_ws/build/my_py_pkg/build --no-deps symlink_data --force
[1.367s] running develop
[1.512s] running egg_info
[1.512s] writing my_py_pkg.egg-info/PKG-INFO
[1.513s] writing dependency_links to my_py_pkg.egg-info/dependency_links.txt
[1.513s] writing entry points to my_py_pkg.egg-info/entry_points.txt
[1.513s] writing requirements to my_py_pkg.egg-info/requires.txt
[1.513s] writing top-level names to my_py_pkg.egg-info/top_level.txt
[1.515s] reading manifest file 'my_py_pkg.egg-info/SOURCES.txt'
[1.516s] writing manifest file 'my_py_pkg.egg-info/SOURCES.txt'
[1.517s] running build_ext
[1.517s] Creating /home/robot/ros2_ws/install/my_py_pkg/lib/python3.10/site-packages/my-py-pkg.egg-link (link to .)
[1.517s] Installing controller2 script to /home/robot/ros2_ws/install/my_py_pkg/lib/my_py_pkg
[1.517s] Installing listener script to /home/robot/ros2_ws/install/my_py_pkg/lib/my_py_pkg
[1.517s] Installing talker script to /home/robot/ros2_ws/install/my_py_pkg/lib/my_py_pkg
[1.517s] Installing turtle_controller script to /home/robot/ros2_ws/install/my_py_pkg/lib/my_py_pkg
[1.518s] Installing turtle_pose_reader script to /home/robot/ros2_ws/install/my_py_pkg/lib/my_py_pkg
[1.518s] 
[1.518s] Installed /home/robot/ros2_ws/build/my_py_pkg
[1.518s] running symlink_data
[1.518s] symbolically linking /home/robot/ros2_ws/build/my_py_pkg/resource/my_py_pkg -> /home/robot/ros2_ws/install/my_py_pkg/share/ament_index/resource_index/packages
[1.518s] symbolically linking /home/robot/ros2_ws/build/my_py_pkg/package.xml -> /home/robot/ros2_ws/install/my_py_pkg/share/my_py_pkg
[1.518s] symbolically linking /home/robot/ros2_ws/build/my_py_pkg/launch/tb3_circle_gazebo.launch.py -> /home/robot/ros2_ws/install/my_py_pkg/share/my_py_pkg/launch
[1.518s] symbolically linking /home/robot/ros2_ws/build/my_py_pkg/launch/turtle_demo.launch.py -> /home/robot/ros2_ws/install/my_py_pkg/share/my_py_pkg/launch
[1.551s] Invoked command in '/home/robot/ros2_ws/build/my_py_pkg' returned '0': PYTHONPATH=/home/robot/ros2_ws/build/my_py_pkg/prefix_override:/usr/lib/python3/dist-packages/colcon_core/task/python/colcon_distutils_commands:/home/robot/ros2_ws/install/my_py_pkg/lib/python3.10/site-packages:${PYTHONPATH} /usr/bin/python3 -W ignore:setup.py install is deprecated -W ignore:easy_install command is deprecated setup.py develop --editable --build-directory /home/robot/ros2_ws/build/my_py_pkg/build --no-deps symlink_data --force
