[0.085s] DEBUG:colcon:Command line arguments: ['/usr/bin/colcon', 'build']
[0.085s] DEBUG:colcon:Parsed command line arguments: Namespace(log_base=None, log_level=None, verb_name='build', build_base='build', install_base='install', merge_install=False, symlink_install=False, test_result_base=None, continue_on_error=False, executor='parallel', parallel_workers=12, event_handlers=None, ignore_user_meta=False, metas=['./colcon.meta'], base_paths=['.'], packages_ignore=None, packages_ignore_regex=None, paths=None, packages_up_to=None, packages_up_to_regex=None, packages_above=None, packages_above_and_dependencies=None, packages_above_depth=None, packages_select_by_dep=None, packages_skip_by_dep=None, packages_skip_up_to=None, packages_select_build_failed=False, packages_skip_build_finished=False, packages_select_test_failures=False, packages_skip_test_passed=False, packages_select=None, packages_skip=None, packages_select_regex=None, packages_skip_regex=None, packages_start=None, packages_end=None, allow_overriding=[], cmake_args=None, cmake_target=None, cmake_target_skip_unavailable=False, cmake_clean_cache=False, cmake_clean_first=False, cmake_force_configure=False, ament_cmake_args=None, catkin_cmake_args=None, catkin_skip_building_tests=False, mixin_files=None, mixin=None, verb_parser=<colcon_mixin.mixin.mixin_argument.MixinArgumentDecorator object at 0x786de384ebf0>, verb_extension=<colcon_core.verb.build.BuildVerb object at 0x786de38102b0>, main=<bound method BuildVerb.main of <colcon_core.verb.build.BuildVerb object at 0x786de38102b0>>, mixin_verb=('build',))
[0.197s] Level 1:colcon.colcon_core.package_discovery:discover_packages(colcon_meta) check parameters
[0.197s] Level 1:colcon.colcon_core.package_discovery:discover_packages(recursive) check parameters
[0.197s] Level 1:colcon.colcon_core.package_discovery:discover_packages(ignore) check parameters
[0.197s] Level 1:colcon.colcon_core.package_discovery:discover_packages(path) check parameters
[0.197s] Level 1:colcon.colcon_core.package_discovery:discover_packages(colcon_meta) discover
[0.197s] Level 1:colcon.colcon_core.package_discovery:discover_packages(recursive) discover
[0.197s] INFO:colcon.colcon_core.package_discovery:Crawling recursively for packages in '/home/robot/ros2_ws'
[0.197s] Level 1:colcon.colcon_core.package_identification:_identify(.) by extensions ['ignore', 'ignore_ament_install']
[0.197s] Level 1:colcon.colcon_core.package_identification:_identify(.) by extension 'ignore'
[0.197s] Level 1:colcon.colcon_core.package_identification:_identify(.) by extension 'ignore_ament_install'
[0.197s] Level 1:colcon.colcon_core.package_identification:_identify(.) by extensions ['colcon_pkg']
[0.197s] Level 1:colcon.colcon_core.package_identification:_identify(.) by extension 'colcon_pkg'
[0.197s] Level 1:colcon.colcon_core.package_identification:_identify(.) by extensions ['colcon_meta']
[0.197s] Level 1:colcon.colcon_core.package_identification:_identify(.) by extension 'colcon_meta'
[0.197s] Level 1:colcon.colcon_core.package_identification:_identify(.) by extensions ['ros']
[0.197s] Level 1:colcon.colcon_core.package_identification:_identify(.) by extension 'ros'
[0.205s] Level 1:colcon.colcon_core.package_identification:_identify(.) by extensions ['cmake', 'python']
[0.205s] Level 1:colcon.colcon_core.package_identification:_identify(.) by extension 'cmake'
[0.205s] Level 1:colcon.colcon_core.package_identification:_identify(.) by extension 'python'
[0.205s] Level 1:colcon.colcon_core.package_identification:_identify(.) by extensions ['python_setup_py']
[0.205s] Level 1:colcon.colcon_core.package_identification:_identify(.) by extension 'python_setup_py'
[0.205s] Level 1:colcon.colcon_core.package_identification:_identify(build) by extensions ['ignore', 'ignore_ament_install']
[0.205s] Level 1:colcon.colcon_core.package_identification:_identify(build) by extension 'ignore'
[0.205s] Level 1:colcon.colcon_core.package_identification:_identify(build) ignored
[0.205s] Level 1:colcon.colcon_core.package_identification:_identify(install) by extensions ['ignore', 'ignore_ament_install']
[0.205s] Level 1:colcon.colcon_core.package_identification:_identify(install) by extension 'ignore'
[0.205s] Level 1:colcon.colcon_core.package_identification:_identify(install) ignored
[0.205s] Level 1:colcon.colcon_core.package_identification:_identify(lixo) by extensions ['ignore', 'ignore_ament_install']
[0.205s] Level 1:colcon.colcon_core.package_identification:_identify(lixo) by extension 'ignore'
[0.205s] Level 1:colcon.colcon_core.package_identification:_identify(lixo) by extension 'ignore_ament_install'
[0.206s] Level 1:colcon.colcon_core.package_identification:_identify(lixo) by extensions ['colcon_pkg']
[0.206s] Level 1:colcon.colcon_core.package_identification:_identify(lixo) by extension 'colcon_pkg'
[0.206s] Level 1:colcon.colcon_core.package_identification:_identify(lixo) by extensions ['colcon_meta']
[0.206s] Level 1:colcon.colcon_core.package_identification:_identify(lixo) by extension 'colcon_meta'
[0.206s] Level 1:colcon.colcon_core.package_identification:_identify(lixo) by extensions ['ros']
[0.206s] Level 1:colcon.colcon_core.package_identification:_identify(lixo) by extension 'ros'
[0.206s] Level 1:colcon.colcon_core.package_identification:_identify(lixo) by extensions ['cmake', 'python']
[0.206s] Level 1:colcon.colcon_core.package_identification:_identify(lixo) by extension 'cmake'
[0.206s] Level 1:colcon.colcon_core.package_identification:_identify(lixo) by extension 'python'
[0.206s] Level 1:colcon.colcon_core.package_identification:_identify(lixo) by extensions ['python_setup_py']
[0.206s] Level 1:colcon.colcon_core.package_identification:_identify(lixo) by extension 'python_setup_py'
[0.206s] Level 1:colcon.colcon_core.package_identification:_identify(lixo/build) by extensions ['ignore', 'ignore_ament_install']
[0.206s] Level 1:colcon.colcon_core.package_identification:_identify(lixo/build) by extension 'ignore'
[0.206s] Level 1:colcon.colcon_core.package_identification:_identify(lixo/build) ignored
[0.206s] Level 1:colcon.colcon_core.package_identification:_identify(lixo/install) by extensions ['ignore', 'ignore_ament_install']
[0.206s] Level 1:colcon.colcon_core.package_identification:_identify(lixo/install) by extension 'ignore'
[0.206s] Level 1:colcon.colcon_core.package_identification:_identify(lixo/install) ignored
[0.206s] Level 1:colcon.colcon_core.package_identification:_identify(lixo/log) by extensions ['ignore', 'ignore_ament_install']
[0.206s] Level 1:colcon.colcon_core.package_identification:_identify(lixo/log) by extension 'ignore'
[0.206s] Level 1:colcon.colcon_core.package_identification:_identify(lixo/log) ignored
[0.206s] Level 1:colcon.colcon_core.package_identification:_identify(lixo/my_py_pkg) by extensions ['ignore', 'ignore_ament_install']
[0.206s] Level 1:colcon.colcon_core.package_identification:_identify(lixo/my_py_pkg) by extension 'ignore'
[0.206s] Level 1:colcon.colcon_core.package_identification:_identify(lixo/my_py_pkg) by extension 'ignore_ament_install'
[0.206s] Level 1:colcon.colcon_core.package_identification:_identify(lixo/my_py_pkg) by extensions ['colcon_pkg']
[0.206s] Level 1:colcon.colcon_core.package_identification:_identify(lixo/my_py_pkg) by extension 'colcon_pkg'
[0.206s] Level 1:colcon.colcon_core.package_identification:_identify(lixo/my_py_pkg) by extensions ['colcon_meta']
[0.206s] Level 1:colcon.colcon_core.package_identification:_identify(lixo/my_py_pkg) by extension 'colcon_meta'
[0.206s] Level 1:colcon.colcon_core.package_identification:_identify(lixo/my_py_pkg) by extensions ['ros']
[0.206s] Level 1:colcon.colcon_core.package_identification:_identify(lixo/my_py_pkg) by extension 'ros'
[0.206s] Level 1:colcon.colcon_core.package_identification:_identify(lixo/my_py_pkg) by extensions ['cmake', 'python']
[0.206s] Level 1:colcon.colcon_core.package_identification:_identify(lixo/my_py_pkg) by extension 'cmake'
[0.206s] Level 1:colcon.colcon_core.package_identification:_identify(lixo/my_py_pkg) by extension 'python'
[0.206s] Level 1:colcon.colcon_core.package_identification:_identify(lixo/my_py_pkg) by extensions ['python_setup_py']
[0.206s] Level 1:colcon.colcon_core.package_identification:_identify(lixo/my_py_pkg) by extension 'python_setup_py'
[0.207s] Level 1:colcon.colcon_core.package_identification:_identify(lixo/src) by extensions ['ignore', 'ignore_ament_install']
[0.207s] Level 1:colcon.colcon_core.package_identification:_identify(lixo/src) by extension 'ignore'
[0.207s] Level 1:colcon.colcon_core.package_identification:_identify(lixo/src) by extension 'ignore_ament_install'
[0.207s] Level 1:colcon.colcon_core.package_identification:_identify(lixo/src) by extensions ['colcon_pkg']
[0.207s] Level 1:colcon.colcon_core.package_identification:_identify(lixo/src) by extension 'colcon_pkg'
[0.207s] Level 1:colcon.colcon_core.package_identification:_identify(lixo/src) by extensions ['colcon_meta']
[0.207s] Level 1:colcon.colcon_core.package_identification:_identify(lixo/src) by extension 'colcon_meta'
[0.207s] Level 1:colcon.colcon_core.package_identification:_identify(lixo/src) by extensions ['ros']
[0.207s] Level 1:colcon.colcon_core.package_identification:_identify(lixo/src) by extension 'ros'
[0.207s] Level 1:colcon.colcon_core.package_identification:_identify(lixo/src) by extensions ['cmake', 'python']
[0.207s] Level 1:colcon.colcon_core.package_identification:_identify(lixo/src) by extension 'cmake'
[0.207s] Level 1:colcon.colcon_core.package_identification:_identify(lixo/src) by extension 'python'
[0.207s] Level 1:colcon.colcon_core.package_identification:_identify(lixo/src) by extensions ['python_setup_py']
[0.207s] Level 1:colcon.colcon_core.package_identification:_identify(lixo/src) by extension 'python_setup_py'
[0.207s] Level 1:colcon.colcon_core.package_identification:_identify(lixo/src/p3at_simulation) by extensions ['ignore', 'ignore_ament_install']
[0.207s] Level 1:colcon.colcon_core.package_identification:_identify(lixo/src/p3at_simulation) by extension 'ignore'
[0.207s] Level 1:colcon.colcon_core.package_identification:_identify(lixo/src/p3at_simulation) by extension 'ignore_ament_install'
[0.207s] Level 1:colcon.colcon_core.package_identification:_identify(lixo/src/p3at_simulation) by extensions ['colcon_pkg']
[0.207s] Level 1:colcon.colcon_core.package_identification:_identify(lixo/src/p3at_simulation) by extension 'colcon_pkg'
[0.207s] Level 1:colcon.colcon_core.package_identification:_identify(lixo/src/p3at_simulation) by extensions ['colcon_meta']
[0.207s] Level 1:colcon.colcon_core.package_identification:_identify(lixo/src/p3at_simulation) by extension 'colcon_meta'
[0.207s] Level 1:colcon.colcon_core.package_identification:_identify(lixo/src/p3at_simulation) by extensions ['ros']
[0.207s] Level 1:colcon.colcon_core.package_identification:_identify(lixo/src/p3at_simulation) by extension 'ros'
[0.209s] DEBUG:colcon.colcon_core.package_identification:Package 'lixo/src/p3at_simulation' with type 'ros.catkin' and name 'p3at_simulation'
[0.209s] Level 1:colcon.colcon_core.package_identification:_identify(log) by extensions ['ignore', 'ignore_ament_install']
[0.209s] Level 1:colcon.colcon_core.package_identification:_identify(log) by extension 'ignore'
[0.209s] Level 1:colcon.colcon_core.package_identification:_identify(log) ignored
[0.209s] Level 1:colcon.colcon_core.package_identification:_identify(src) by extensions ['ignore', 'ignore_ament_install']
[0.210s] Level 1:colcon.colcon_core.package_identification:_identify(src) by extension 'ignore'
[0.210s] Level 1:colcon.colcon_core.package_identification:_identify(src) by extension 'ignore_ament_install'
[0.210s] Level 1:colcon.colcon_core.package_identification:_identify(src) by extensions ['colcon_pkg']
[0.210s] Level 1:colcon.colcon_core.package_identification:_identify(src) by extension 'colcon_pkg'
[0.210s] Level 1:colcon.colcon_core.package_identification:_identify(src) by extensions ['colcon_meta']
[0.210s] Level 1:colcon.colcon_core.package_identification:_identify(src) by extension 'colcon_meta'
[0.210s] Level 1:colcon.colcon_core.package_identification:_identify(src) by extensions ['ros']
[0.210s] Level 1:colcon.colcon_core.package_identification:_identify(src) by extension 'ros'
[0.210s] Level 1:colcon.colcon_core.package_identification:_identify(src) by extensions ['cmake', 'python']
[0.210s] Level 1:colcon.colcon_core.package_identification:_identify(src) by extension 'cmake'
[0.210s] Level 1:colcon.colcon_core.package_identification:_identify(src) by extension 'python'
[0.210s] Level 1:colcon.colcon_core.package_identification:_identify(src) by extensions ['python_setup_py']
[0.210s] Level 1:colcon.colcon_core.package_identification:_identify(src) by extension 'python_setup_py'
[0.210s] Level 1:colcon.colcon_core.package_identification:_identify(src/build) by extensions ['ignore', 'ignore_ament_install']
[0.210s] Level 1:colcon.colcon_core.package_identification:_identify(src/build) by extension 'ignore'
[0.210s] Level 1:colcon.colcon_core.package_identification:_identify(src/build) ignored
[0.210s] Level 1:colcon.colcon_core.package_identification:_identify(src/install) by extensions ['ignore', 'ignore_ament_install']
[0.210s] Level 1:colcon.colcon_core.package_identification:_identify(src/install) by extension 'ignore'
[0.210s] Level 1:colcon.colcon_core.package_identification:_identify(src/install) ignored
[0.210s] Level 1:colcon.colcon_core.package_identification:_identify(src/log) by extensions ['ignore', 'ignore_ament_install']
[0.210s] Level 1:colcon.colcon_core.package_identification:_identify(src/log) by extension 'ignore'
[0.210s] Level 1:colcon.colcon_core.package_identification:_identify(src/log) ignored
[0.210s] Level 1:colcon.colcon_core.package_identification:_identify(src/my_py_pkg) by extensions ['ignore', 'ignore_ament_install']
[0.210s] Level 1:colcon.colcon_core.package_identification:_identify(src/my_py_pkg) by extension 'ignore'
[0.210s] Level 1:colcon.colcon_core.package_identification:_identify(src/my_py_pkg) by extension 'ignore_ament_install'
[0.210s] Level 1:colcon.colcon_core.package_identification:_identify(src/my_py_pkg) by extensions ['colcon_pkg']
[0.210s] Level 1:colcon.colcon_core.package_identification:_identify(src/my_py_pkg) by extension 'colcon_pkg'
[0.210s] Level 1:colcon.colcon_core.package_identification:_identify(src/my_py_pkg) by extensions ['colcon_meta']
[0.210s] Level 1:colcon.colcon_core.package_identification:_identify(src/my_py_pkg) by extension 'colcon_meta'
[0.210s] Level 1:colcon.colcon_core.package_identification:_identify(src/my_py_pkg) by extensions ['ros']
[0.210s] Level 1:colcon.colcon_core.package_identification:_identify(src/my_py_pkg) by extension 'ros'
[0.211s] DEBUG:colcon.colcon_core.package_identification:Package 'src/my_py_pkg' with type 'ros.ament_python' and name 'my_py_pkg'
[0.211s] Level 1:colcon.colcon_core.package_identification:_identify(src/qlearn_diffdrive) by extensions ['ignore', 'ignore_ament_install']
[0.211s] Level 1:colcon.colcon_core.package_identification:_identify(src/qlearn_diffdrive) by extension 'ignore'
[0.211s] Level 1:colcon.colcon_core.package_identification:_identify(src/qlearn_diffdrive) by extension 'ignore_ament_install'
[0.211s] Level 1:colcon.colcon_core.package_identification:_identify(src/qlearn_diffdrive) by extensions ['colcon_pkg']
[0.211s] Level 1:colcon.colcon_core.package_identification:_identify(src/qlearn_diffdrive) by extension 'colcon_pkg'
[0.211s] Level 1:colcon.colcon_core.package_identification:_identify(src/qlearn_diffdrive) by extensions ['colcon_meta']
[0.211s] Level 1:colcon.colcon_core.package_identification:_identify(src/qlearn_diffdrive) by extension 'colcon_meta'
[0.211s] Level 1:colcon.colcon_core.package_identification:_identify(src/qlearn_diffdrive) by extensions ['ros']
[0.211s] Level 1:colcon.colcon_core.package_identification:_identify(src/qlearn_diffdrive) by extension 'ros'
[0.212s] DEBUG:colcon.colcon_core.package_identification:Package 'src/qlearn_diffdrive' with type 'ros.ament_python' and name 'qlearn_diffdrive'
[0.212s] Level 1:colcon.colcon_core.package_discovery:discover_packages(recursive) using defaults
[0.212s] Level 1:colcon.colcon_core.package_discovery:discover_packages(ignore) discover
[0.212s] Level 1:colcon.colcon_core.package_discovery:discover_packages(ignore) using defaults
[0.212s] Level 1:colcon.colcon_core.package_discovery:discover_packages(path) discover
[0.212s] Level 1:colcon.colcon_core.package_discovery:discover_packages(path) using defaults
[0.236s] Level 1:colcon.colcon_core.package_discovery:discover_packages(prefix_path) check parameters
[0.236s] Level 1:colcon.colcon_core.package_discovery:discover_packages(prefix_path) discover
[0.237s] DEBUG:colcon.colcon_installed_package_information.package_discovery:Found 3 installed packages in /home/robot/ros2_ws/install
[0.238s] DEBUG:colcon.colcon_installed_package_information.package_discovery:Found 311 installed packages in /opt/ros/humble
[0.239s] Level 1:colcon.colcon_core.package_discovery:discover_packages(prefix_path) using defaults
[0.296s] Level 5:colcon.colcon_core.verb:set package 'my_py_pkg' build argument 'cmake_args' from command line to 'None'
[0.296s] Level 5:colcon.colcon_core.verb:set package 'my_py_pkg' build argument 'cmake_target' from command line to 'None'
[0.296s] Level 5:colcon.colcon_core.verb:set package 'my_py_pkg' build argument 'cmake_target_skip_unavailable' from command line to 'False'
[0.296s] Level 5:colcon.colcon_core.verb:set package 'my_py_pkg' build argument 'cmake_clean_cache' from command line to 'False'
[0.296s] Level 5:colcon.colcon_core.verb:set package 'my_py_pkg' build argument 'cmake_clean_first' from command line to 'False'
[0.296s] Level 5:colcon.colcon_core.verb:set package 'my_py_pkg' build argument 'cmake_force_configure' from command line to 'False'
[0.296s] Level 5:colcon.colcon_core.verb:set package 'my_py_pkg' build argument 'ament_cmake_args' from command line to 'None'
[0.296s] Level 5:colcon.colcon_core.verb:set package 'my_py_pkg' build argument 'catkin_cmake_args' from command line to 'None'
[0.296s] Level 5:colcon.colcon_core.verb:set package 'my_py_pkg' build argument 'catkin_skip_building_tests' from command line to 'False'
[0.296s] DEBUG:colcon.colcon_core.verb:Building package 'my_py_pkg' with the following arguments: {'ament_cmake_args': None, 'build_base': '/home/robot/ros2_ws/build/my_py_pkg', 'catkin_cmake_args': None, 'catkin_skip_building_tests': False, 'cmake_args': None, 'cmake_clean_cache': False, 'cmake_clean_first': False, 'cmake_force_configure': False, 'cmake_target': None, 'cmake_target_skip_unavailable': False, 'install_base': '/home/robot/ros2_ws/install/my_py_pkg', 'merge_install': False, 'path': '/home/robot/ros2_ws/src/my_py_pkg', 'symlink_install': False, 'test_result_base': None}
[0.297s] Level 5:colcon.colcon_core.verb:set package 'p3at_simulation' build argument 'cmake_args' from command line to 'None'
[0.297s] Level 5:colcon.colcon_core.verb:set package 'p3at_simulation' build argument 'cmake_target' from command line to 'None'
[0.297s] Level 5:colcon.colcon_core.verb:set package 'p3at_simulation' build argument 'cmake_target_skip_unavailable' from command line to 'False'
[0.297s] Level 5:colcon.colcon_core.verb:set package 'p3at_simulation' build argument 'cmake_clean_cache' from command line to 'False'
[0.297s] Level 5:colcon.colcon_core.verb:set package 'p3at_simulation' build argument 'cmake_clean_first' from command line to 'False'
[0.297s] Level 5:colcon.colcon_core.verb:set package 'p3at_simulation' build argument 'cmake_force_configure' from command line to 'False'
[0.297s] Level 5:colcon.colcon_core.verb:set package 'p3at_simulation' build argument 'ament_cmake_args' from command line to 'None'
[0.297s] Level 5:colcon.colcon_core.verb:set package 'p3at_simulation' build argument 'catkin_cmake_args' from command line to 'None'
[0.297s] Level 5:colcon.colcon_core.verb:set package 'p3at_simulation' build argument 'catkin_skip_building_tests' from command line to 'False'
[0.297s] DEBUG:colcon.colcon_core.verb:Building package 'p3at_simulation' with the following arguments: {'ament_cmake_args': None, 'build_base': '/home/robot/ros2_ws/build/p3at_simulation', 'catkin_cmake_args': None, 'catkin_skip_building_tests': False, 'cmake_args': None, 'cmake_clean_cache': False, 'cmake_clean_first': False, 'cmake_force_configure': False, 'cmake_target': None, 'cmake_target_skip_unavailable': False, 'install_base': '/home/robot/ros2_ws/install/p3at_simulation', 'merge_install': False, 'path': '/home/robot/ros2_ws/lixo/src/p3at_simulation', 'symlink_install': False, 'test_result_base': None}
[0.297s] Level 5:colcon.colcon_core.verb:set package 'qlearn_diffdrive' build argument 'cmake_args' from command line to 'None'
[0.297s] Level 5:colcon.colcon_core.verb:set package 'qlearn_diffdrive' build argument 'cmake_target' from command line to 'None'
[0.297s] Level 5:colcon.colcon_core.verb:set package 'qlearn_diffdrive' build argument 'cmake_target_skip_unavailable' from command line to 'False'
[0.297s] Level 5:colcon.colcon_core.verb:set package 'qlearn_diffdrive' build argument 'cmake_clean_cache' from command line to 'False'
[0.297s] Level 5:colcon.colcon_core.verb:set package 'qlearn_diffdrive' build argument 'cmake_clean_first' from command line to 'False'
[0.297s] Level 5:colcon.colcon_core.verb:set package 'qlearn_diffdrive' build argument 'cmake_force_configure' from command line to 'False'
[0.297s] Level 5:colcon.colcon_core.verb:set package 'qlearn_diffdrive' build argument 'ament_cmake_args' from command line to 'None'
[0.297s] Level 5:colcon.colcon_core.verb:set package 'qlearn_diffdrive' build argument 'catkin_cmake_args' from command line to 'None'
[0.297s] Level 5:colcon.colcon_core.verb:set package 'qlearn_diffdrive' build argument 'catkin_skip_building_tests' from command line to 'False'
[0.297s] DEBUG:colcon.colcon_core.verb:Building package 'qlearn_diffdrive' with the following arguments: {'ament_cmake_args': None, 'build_base': '/home/robot/ros2_ws/build/qlearn_diffdrive', 'catkin_cmake_args': None, 'catkin_skip_building_tests': False, 'cmake_args': None, 'cmake_clean_cache': False, 'cmake_clean_first': False, 'cmake_force_configure': False, 'cmake_target': None, 'cmake_target_skip_unavailable': False, 'install_base': '/home/robot/ros2_ws/install/qlearn_diffdrive', 'merge_install': False, 'path': '/home/robot/ros2_ws/src/qlearn_diffdrive', 'symlink_install': False, 'test_result_base': None}
[0.297s] INFO:colcon.colcon_core.executor:Executing jobs using 'parallel' executor
[0.298s] DEBUG:colcon.colcon_parallel_executor.executor.parallel:run_until_complete
[0.298s] INFO:colcon.colcon_ros.task.ament_python.build:Building ROS package in '/home/robot/ros2_ws/src/my_py_pkg' with build type 'ament_python'
[0.298s] Level 1:colcon.colcon_core.shell:create_environment_hook('my_py_pkg', 'ament_prefix_path')
[0.300s] INFO:colcon.colcon_core.plugin_system:Skipping extension 'colcon_core.shell.bat': Not used on non-Windows systems
[0.300s] INFO:colcon.colcon_core.shell:Creating environment hook '/home/robot/ros2_ws/install/my_py_pkg/share/my_py_pkg/hook/ament_prefix_path.ps1'
[0.301s] INFO:colcon.colcon_core.shell:Creating environment descriptor '/home/robot/ros2_ws/install/my_py_pkg/share/my_py_pkg/hook/ament_prefix_path.dsv'
[0.301s] INFO:colcon.colcon_core.shell:Creating environment hook '/home/robot/ros2_ws/install/my_py_pkg/share/my_py_pkg/hook/ament_prefix_path.sh'
[0.301s] INFO:colcon.colcon_core.shell:Skip shell extension 'powershell' for command environment: Not usable outside of PowerShell
[0.301s] DEBUG:colcon.colcon_core.shell:Skip shell extension 'dsv' for command environment
[0.303s] INFO:colcon.colcon_ros.task.catkin.build:Building ROS package in '/home/robot/ros2_ws/lixo/src/p3at_simulation' with build type 'catkin'
[0.303s] INFO:colcon.colcon_cmake.task.cmake.build:Building CMake package in '/home/robot/ros2_ws/lixo/src/p3at_simulation'
[0.304s] INFO:colcon.colcon_core.shell:Skip shell extension 'powershell' for command environment: Not usable outside of PowerShell
[0.304s] DEBUG:colcon.colcon_core.shell:Skip shell extension 'dsv' for command environment
[0.306s] INFO:colcon.colcon_ros.task.ament_python.build:Building ROS package in '/home/robot/ros2_ws/src/qlearn_diffdrive' with build type 'ament_python'
[0.306s] Level 1:colcon.colcon_core.shell:create_environment_hook('qlearn_diffdrive', 'ament_prefix_path')
[0.306s] INFO:colcon.colcon_core.shell:Creating environment hook '/home/robot/ros2_ws/install/qlearn_diffdrive/share/qlearn_diffdrive/hook/ament_prefix_path.ps1'
[0.306s] INFO:colcon.colcon_core.shell:Creating environment descriptor '/home/robot/ros2_ws/install/qlearn_diffdrive/share/qlearn_diffdrive/hook/ament_prefix_path.dsv'
[0.306s] INFO:colcon.colcon_core.shell:Creating environment hook '/home/robot/ros2_ws/install/qlearn_diffdrive/share/qlearn_diffdrive/hook/ament_prefix_path.sh'
[0.307s] INFO:colcon.colcon_core.shell:Skip shell extension 'powershell' for command environment: Not usable outside of PowerShell
[0.307s] DEBUG:colcon.colcon_core.shell:Skip shell extension 'dsv' for command environment
[0.476s] INFO:colcon.colcon_core.task.python.build:Building Python package in '/home/robot/ros2_ws/src/my_py_pkg'
[0.476s] INFO:colcon.colcon_core.shell:Skip shell extension 'powershell' for command environment: Not usable outside of PowerShell
[0.476s] DEBUG:colcon.colcon_core.shell:Skip shell extension 'dsv' for command environment
[0.481s] DEBUG:colcon.colcon_core.event_handler.log_command:Invoking command in '/home/robot/ros2_ws/build/p3at_simulation': /usr/bin/cmake --build /home/robot/ros2_ws/build/p3at_simulation -- -j12 -l12
[0.644s] INFO:colcon.colcon_core.task.python.build:Building Python package in '/home/robot/ros2_ws/src/qlearn_diffdrive'
[0.644s] INFO:colcon.colcon_core.shell:Skip shell extension 'powershell' for command environment: Not usable outside of PowerShell
[0.644s] DEBUG:colcon.colcon_core.shell:Skip shell extension 'dsv' for command environment
[0.654s] DEBUG:colcon.colcon_core.event_handler.log_command:Invoked command in '/home/robot/ros2_ws/build/p3at_simulation' returned '0': /usr/bin/cmake --build /home/robot/ros2_ws/build/p3at_simulation -- -j12 -l12
[0.665s] DEBUG:colcon.colcon_core.event_handler.log_command:Invoking command in '/home/robot/ros2_ws/build/p3at_simulation': /usr/bin/cmake --install /home/robot/ros2_ws/build/p3at_simulation
[0.672s] DEBUG:colcon.colcon_core.event_handler.log_command:Invoked command in '/home/robot/ros2_ws/build/p3at_simulation' returned '0': /usr/bin/cmake --install /home/robot/ros2_ws/build/p3at_simulation
[0.673s] Level 1:colcon.colcon_core.shell:create_environment_hook('p3at_simulation', 'ros_package_path')
[0.673s] INFO:colcon.colcon_core.shell:Creating environment hook '/home/robot/ros2_ws/install/p3at_simulation/share/p3at_simulation/hook/ros_package_path.ps1'
[0.674s] INFO:colcon.colcon_core.shell:Creating environment descriptor '/home/robot/ros2_ws/install/p3at_simulation/share/p3at_simulation/hook/ros_package_path.dsv'
[0.675s] INFO:colcon.colcon_core.shell:Creating environment hook '/home/robot/ros2_ws/install/p3at_simulation/share/p3at_simulation/hook/ros_package_path.sh'
[0.675s] Level 1:colcon.colcon_core.shell:create_environment_hook('p3at_simulation', 'pkg_config_path')
[0.676s] INFO:colcon.colcon_core.shell:Creating environment hook '/home/robot/ros2_ws/install/p3at_simulation/share/p3at_simulation/hook/pkg_config_path.ps1'
[0.676s] INFO:colcon.colcon_core.shell:Creating environment descriptor '/home/robot/ros2_ws/install/p3at_simulation/share/p3at_simulation/hook/pkg_config_path.dsv'
[0.677s] INFO:colcon.colcon_core.shell:Creating environment hook '/home/robot/ros2_ws/install/p3at_simulation/share/p3at_simulation/hook/pkg_config_path.sh'
[0.680s] Level 1:colcon.colcon_core.shell:create_environment_hook('p3at_simulation', 'pkg_config_path_multiarch')
[0.681s] INFO:colcon.colcon_core.shell:Creating environment hook '/home/robot/ros2_ws/install/p3at_simulation/share/p3at_simulation/hook/pkg_config_path_multiarch.ps1'
[0.681s] INFO:colcon.colcon_core.shell:Creating environment descriptor '/home/robot/ros2_ws/install/p3at_simulation/share/p3at_simulation/hook/pkg_config_path_multiarch.dsv'
[0.681s] INFO:colcon.colcon_core.shell:Creating environment hook '/home/robot/ros2_ws/install/p3at_simulation/share/p3at_simulation/hook/pkg_config_path_multiarch.sh'
[0.683s] Level 1:colcon.colcon_core.environment:create_environment_scripts_only(p3at_simulation)
[0.687s] Level 1:colcon.colcon_core.environment:checking '/home/robot/ros2_ws/install/p3at_simulation' for CMake module files
[0.687s] Level 1:colcon.colcon_core.environment:checking '/home/robot/ros2_ws/install/p3at_simulation' for CMake config files
[0.688s] Level 1:colcon.colcon_core.shell:create_environment_hook('p3at_simulation', 'cmake_prefix_path')
[0.688s] INFO:colcon.colcon_core.shell:Creating environment hook '/home/robot/ros2_ws/install/p3at_simulation/share/p3at_simulation/hook/cmake_prefix_path.ps1'
[0.688s] INFO:colcon.colcon_core.shell:Creating environment descriptor '/home/robot/ros2_ws/install/p3at_simulation/share/p3at_simulation/hook/cmake_prefix_path.dsv'
[0.689s] INFO:colcon.colcon_core.shell:Creating environment hook '/home/robot/ros2_ws/install/p3at_simulation/share/p3at_simulation/hook/cmake_prefix_path.sh'
[0.690s] Level 1:colcon.colcon_core.environment:checking '/home/robot/ros2_ws/install/p3at_simulation/bin'
[0.690s] Level 1:colcon.colcon_core.environment:checking '/home/robot/ros2_ws/install/p3at_simulation/lib/pkgconfig/p3at_simulation.pc'
[0.690s] Level 1:colcon.colcon_core.environment:checking '/home/robot/ros2_ws/install/p3at_simulation/lib/python3.10/site-packages'
[0.690s] Level 1:colcon.colcon_core.environment:checking '/home/robot/ros2_ws/install/p3at_simulation/bin'
[0.691s] INFO:colcon.colcon_core.shell:Creating package script '/home/robot/ros2_ws/install/p3at_simulation/share/p3at_simulation/package.ps1'
[0.692s] INFO:colcon.colcon_core.shell:Creating package descriptor '/home/robot/ros2_ws/install/p3at_simulation/share/p3at_simulation/package.dsv'
[0.693s] INFO:colcon.colcon_core.shell:Creating package script '/home/robot/ros2_ws/install/p3at_simulation/share/p3at_simulation/package.sh'
[0.694s] INFO:colcon.colcon_core.shell:Creating package script '/home/robot/ros2_ws/install/p3at_simulation/share/p3at_simulation/package.bash'
[0.695s] INFO:colcon.colcon_core.shell:Creating package script '/home/robot/ros2_ws/install/p3at_simulation/share/p3at_simulation/package.zsh'
[0.696s] Level 1:colcon.colcon_core.environment:create_file_with_runtime_dependencies(/home/robot/ros2_ws/install/p3at_simulation/share/colcon-core/packages/p3at_simulation)
[0.892s] DEBUG:colcon.colcon_core.event_handler.log_command:Invoking command in '/home/robot/ros2_ws/src/my_py_pkg': PYTHONPATH=/home/robot/ros2_ws/build/my_py_pkg/prefix_override:/usr/lib/python3/dist-packages/colcon_core/task/python/colcon_distutils_commands:/home/robot/ros2_ws/install/my_py_pkg/lib/python3.10/site-packages:${PYTHONPATH} /usr/bin/python3 -W ignore:setup.py install is deprecated -W ignore:easy_install command is deprecated setup.py egg_info --egg-base ../../build/my_py_pkg build --build-base /home/robot/ros2_ws/build/my_py_pkg/build install --record /home/robot/ros2_ws/build/my_py_pkg/install.log --single-version-externally-managed install_data
[0.895s] DEBUG:colcon.colcon_core.event_handler.log_command:Invoking command in '/home/robot/ros2_ws/src/qlearn_diffdrive': PYTHONPATH=/home/robot/ros2_ws/build/qlearn_diffdrive/prefix_override:/usr/lib/python3/dist-packages/colcon_core/task/python/colcon_distutils_commands:/home/robot/ros2_ws/install/qlearn_diffdrive/lib/python3.10/site-packages:${PYTHONPATH} /usr/bin/python3 -W ignore:setup.py install is deprecated -W ignore:easy_install command is deprecated setup.py egg_info --egg-base ../../build/qlearn_diffdrive build --build-base /home/robot/ros2_ws/build/qlearn_diffdrive/build install --record /home/robot/ros2_ws/build/qlearn_diffdrive/install.log --single-version-externally-managed install_data
[1.076s] Level 1:colcon.colcon_core.environment:checking '/home/robot/ros2_ws/install/my_py_pkg' for CMake module files
[1.077s] DEBUG:colcon.colcon_core.event_handler.log_command:Invoked command in '/home/robot/ros2_ws/src/my_py_pkg' returned '0': PYTHONPATH=/home/robot/ros2_ws/build/my_py_pkg/prefix_override:/usr/lib/python3/dist-packages/colcon_core/task/python/colcon_distutils_commands:/home/robot/ros2_ws/install/my_py_pkg/lib/python3.10/site-packages:${PYTHONPATH} /usr/bin/python3 -W ignore:setup.py install is deprecated -W ignore:easy_install command is deprecated setup.py egg_info --egg-base ../../build/my_py_pkg build --build-base /home/robot/ros2_ws/build/my_py_pkg/build install --record /home/robot/ros2_ws/build/my_py_pkg/install.log --single-version-externally-managed install_data
[1.078s] Level 1:colcon.colcon_core.environment:checking '/home/robot/ros2_ws/install/my_py_pkg' for CMake config files
[1.080s] Level 1:colcon.colcon_core.environment:checking '/home/robot/ros2_ws/install/my_py_pkg/lib'
[1.081s] Level 1:colcon.colcon_core.environment:checking '/home/robot/ros2_ws/install/my_py_pkg/bin'
[1.081s] Level 1:colcon.colcon_core.environment:checking '/home/robot/ros2_ws/install/my_py_pkg/lib/pkgconfig/my_py_pkg.pc'
[1.081s] Level 1:colcon.colcon_core.environment:checking '/home/robot/ros2_ws/install/my_py_pkg/lib/python3.10/site-packages'
[1.081s] Level 1:colcon.colcon_core.shell:create_environment_hook('my_py_pkg', 'pythonpath')
[1.081s] INFO:colcon.colcon_core.shell:Creating environment hook '/home/robot/ros2_ws/install/my_py_pkg/share/my_py_pkg/hook/pythonpath.ps1'
[1.082s] INFO:colcon.colcon_core.shell:Creating environment descriptor '/home/robot/ros2_ws/install/my_py_pkg/share/my_py_pkg/hook/pythonpath.dsv'
[1.083s] INFO:colcon.colcon_core.shell:Creating environment hook '/home/robot/ros2_ws/install/my_py_pkg/share/my_py_pkg/hook/pythonpath.sh'
[1.083s] Level 1:colcon.colcon_core.environment:checking '/home/robot/ros2_ws/install/my_py_pkg/bin'
[1.083s] Level 1:colcon.colcon_core.environment:create_environment_scripts_only(my_py_pkg)
[1.084s] INFO:colcon.colcon_core.shell:Creating package script '/home/robot/ros2_ws/install/my_py_pkg/share/my_py_pkg/package.ps1'
[1.085s] INFO:colcon.colcon_core.shell:Creating package descriptor '/home/robot/ros2_ws/install/my_py_pkg/share/my_py_pkg/package.dsv'
[1.085s] INFO:colcon.colcon_core.shell:Creating package script '/home/robot/ros2_ws/install/my_py_pkg/share/my_py_pkg/package.sh'
[1.086s] INFO:colcon.colcon_core.shell:Creating package script '/home/robot/ros2_ws/install/my_py_pkg/share/my_py_pkg/package.bash'
[1.086s] INFO:colcon.colcon_core.shell:Creating package script '/home/robot/ros2_ws/install/my_py_pkg/share/my_py_pkg/package.zsh'
[1.087s] Level 1:colcon.colcon_core.environment:create_file_with_runtime_dependencies(/home/robot/ros2_ws/install/my_py_pkg/share/colcon-core/packages/my_py_pkg)
[1.097s] Level 1:colcon.colcon_core.environment:checking '/home/robot/ros2_ws/install/qlearn_diffdrive' for CMake module files
[1.098s] DEBUG:colcon.colcon_core.event_handler.log_command:Invoked command in '/home/robot/ros2_ws/src/qlearn_diffdrive' returned '0': PYTHONPATH=/home/robot/ros2_ws/build/qlearn_diffdrive/prefix_override:/usr/lib/python3/dist-packages/colcon_core/task/python/colcon_distutils_commands:/home/robot/ros2_ws/install/qlearn_diffdrive/lib/python3.10/site-packages:${PYTHONPATH} /usr/bin/python3 -W ignore:setup.py install is deprecated -W ignore:easy_install command is deprecated setup.py egg_info --egg-base ../../build/qlearn_diffdrive build --build-base /home/robot/ros2_ws/build/qlearn_diffdrive/build install --record /home/robot/ros2_ws/build/qlearn_diffdrive/install.log --single-version-externally-managed install_data
[1.098s] Level 1:colcon.colcon_core.environment:checking '/home/robot/ros2_ws/install/qlearn_diffdrive' for CMake config files
[1.098s] Level 1:colcon.colcon_core.environment:checking '/home/robot/ros2_ws/install/qlearn_diffdrive/lib'
[1.098s] Level 1:colcon.colcon_core.environment:checking '/home/robot/ros2_ws/install/qlearn_diffdrive/bin'
[1.098s] Level 1:colcon.colcon_core.environment:checking '/home/robot/ros2_ws/install/qlearn_diffdrive/lib/pkgconfig/qlearn_diffdrive.pc'
[1.099s] Level 1:colcon.colcon_core.environment:checking '/home/robot/ros2_ws/install/qlearn_diffdrive/lib/python3.10/site-packages'
[1.099s] Level 1:colcon.colcon_core.shell:create_environment_hook('qlearn_diffdrive', 'pythonpath')
[1.099s] INFO:colcon.colcon_core.shell:Creating environment hook '/home/robot/ros2_ws/install/qlearn_diffdrive/share/qlearn_diffdrive/hook/pythonpath.ps1'
[1.099s] INFO:colcon.colcon_core.shell:Creating environment descriptor '/home/robot/ros2_ws/install/qlearn_diffdrive/share/qlearn_diffdrive/hook/pythonpath.dsv'
[1.099s] INFO:colcon.colcon_core.shell:Creating environment hook '/home/robot/ros2_ws/install/qlearn_diffdrive/share/qlearn_diffdrive/hook/pythonpath.sh'
[1.100s] Level 1:colcon.colcon_core.environment:checking '/home/robot/ros2_ws/install/qlearn_diffdrive/bin'
[1.100s] Level 1:colcon.colcon_core.environment:create_environment_scripts_only(qlearn_diffdrive)
[1.100s] INFO:colcon.colcon_core.shell:Creating package script '/home/robot/ros2_ws/install/qlearn_diffdrive/share/qlearn_diffdrive/package.ps1'
[1.100s] INFO:colcon.colcon_core.shell:Creating package descriptor '/home/robot/ros2_ws/install/qlearn_diffdrive/share/qlearn_diffdrive/package.dsv'
[1.101s] INFO:colcon.colcon_core.shell:Creating package script '/home/robot/ros2_ws/install/qlearn_diffdrive/share/qlearn_diffdrive/package.sh'
[1.101s] INFO:colcon.colcon_core.shell:Creating package script '/home/robot/ros2_ws/install/qlearn_diffdrive/share/qlearn_diffdrive/package.bash'
[1.101s] INFO:colcon.colcon_core.shell:Creating package script '/home/robot/ros2_ws/install/qlearn_diffdrive/share/qlearn_diffdrive/package.zsh'
[1.101s] Level 1:colcon.colcon_core.environment:create_file_with_runtime_dependencies(/home/robot/ros2_ws/install/qlearn_diffdrive/share/colcon-core/packages/qlearn_diffdrive)
[1.101s] DEBUG:colcon.colcon_parallel_executor.executor.parallel:closing loop
[1.101s] DEBUG:colcon.colcon_parallel_executor.executor.parallel:loop closed
[1.101s] DEBUG:colcon.colcon_parallel_executor.executor.parallel:run_until_complete finished with '0'
[1.102s] DEBUG:colcon.colcon_core.event_reactor:joining thread
[1.106s] INFO:colcon.colcon_core.plugin_system:Skipping extension 'colcon_notification.desktop_notification.terminal_notifier': Not used on non-Darwin systems
[1.106s] INFO:colcon.colcon_core.plugin_system:Skipping extension 'colcon_notification.desktop_notification.win32': Not used on non-Windows systems
[1.106s] INFO:colcon.colcon_notification.desktop_notification:Sending desktop notification using 'notify2'
[1.115s] DEBUG:colcon.colcon_core.event_reactor:joined thread
[1.116s] INFO:colcon.colcon_core.shell:Creating prefix script '/home/robot/ros2_ws/install/local_setup.ps1'
[1.117s] INFO:colcon.colcon_core.shell:Creating prefix util module '/home/robot/ros2_ws/install/_local_setup_util_ps1.py'
[1.118s] INFO:colcon.colcon_core.shell:Creating prefix chain script '/home/robot/ros2_ws/install/setup.ps1'
[1.119s] INFO:colcon.colcon_core.shell:Creating prefix script '/home/robot/ros2_ws/install/local_setup.sh'
[1.120s] INFO:colcon.colcon_core.shell:Creating prefix util module '/home/robot/ros2_ws/install/_local_setup_util_sh.py'
[1.120s] INFO:colcon.colcon_core.shell:Creating prefix chain script '/home/robot/ros2_ws/install/setup.sh'
[1.121s] INFO:colcon.colcon_core.shell:Creating prefix script '/home/robot/ros2_ws/install/local_setup.bash'
[1.123s] INFO:colcon.colcon_core.shell:Creating prefix chain script '/home/robot/ros2_ws/install/setup.bash'
[1.124s] INFO:colcon.colcon_core.shell:Creating prefix script '/home/robot/ros2_ws/install/local_setup.zsh'
[1.125s] INFO:colcon.colcon_core.shell:Creating prefix chain script '/home/robot/ros2_ws/install/setup.zsh'
