-- Install configuration: ""
-- Up-to-date: /home/robot/ros2_ws/install/p3at_simulation/share/p3at_simulation//launch
-- Up-to-date: /home/robot/ros2_ws/install/p3at_simulation/share/p3at_simulation//launch/xspawn_p3at.launch.py
-- Up-to-date: /home/robot/ros2_ws/install/p3at_simulation/share/p3at_simulation//launch/spawn_p3at.launch.py
-- Up-to-date: /home/robot/ros2_ws/install/p3at_simulation/share/p3at_simulation//urdf
-- Up-to-date: /home/robot/ros2_ws/install/p3at_simulation/share/p3at_simulation//urdf/p3at.urdf.xacro
-- Up-to-date: /home/robot/ros2_ws/install/p3at_simulation/share/p3at_simulation//worlds
-- Up-to-date: /home/robot/ros2_ws/install/p3at_simulation/share/p3at_simulation//worlds/simple_world.world
-- Up-to-date: /home/robot/ros2_ws/install/p3at_simulation/share/ament_index/resource_index/package_run_dependencies/p3at_simulation
-- Up-to-date: /home/robot/ros2_ws/install/p3at_simulation/share/ament_index/resource_index/parent_prefix_path/p3at_simulation
-- Up-to-date: /home/robot/ros2_ws/install/p3at_simulation/share/p3at_simulation/environment/ament_prefix_path.sh
-- Up-to-date: /home/robot/ros2_ws/install/p3at_simulation/share/p3at_simulation/environment/ament_prefix_path.dsv
-- Up-to-date: /home/robot/ros2_ws/install/p3at_simulation/share/p3at_simulation/environment/path.sh
-- Up-to-date: /home/robot/ros2_ws/install/p3at_simulation/share/p3at_simulation/environment/path.dsv
-- Up-to-date: /home/robot/ros2_ws/install/p3at_simulation/share/p3at_simulation/local_setup.bash
-- Up-to-date: /home/robot/ros2_ws/install/p3at_simulation/share/p3at_simulation/local_setup.sh
-- Up-to-date: /home/robot/ros2_ws/install/p3at_simulation/share/p3at_simulation/local_setup.zsh
-- Up-to-date: /home/robot/ros2_ws/install/p3at_simulation/share/p3at_simulation/local_setup.dsv
-- Up-to-date: /home/robot/ros2_ws/install/p3at_simulation/share/p3at_simulation/package.dsv
-- Up-to-date: /home/robot/ros2_ws/install/p3at_simulation/share/ament_index/resource_index/packages/p3at_simulation
-- Up-to-date: /home/robot/ros2_ws/install/p3at_simulation/share/p3at_simulation/cmake/p3at_simulationConfig.cmake
-- Up-to-date: /home/robot/ros2_ws/install/p3at_simulation/share/p3at_simulation/cmake/p3at_simulationConfig-version.cmake
-- Up-to-date: /home/robot/ros2_ws/install/p3at_simulation/share/p3at_simulation/package.xml
